#
# There is insufficient memory for the Java Runtime Environment to continue.
# Native memory allocation (malloc) failed to allocate 1048496 bytes for Chunk::new
# Possible reasons:
#   The system is out of physical RAM or swap space
#   The process is running with CompressedOops enabled, and the Java Heap may be blocking the growth of the native heap
# Possible solutions:
#   Reduce memory load on the system
#   Increase physical memory or swap space
#   Check if swap backing store is full
#   Decrease Java heap size (-Xmx/-Xms)
#   Decrease number of Java threads
#   Decrease Java thread stack sizes (-Xss)
#   Set larger code cache with -XX:ReservedCodeCacheSize=
#   JVM is running with Unscaled Compressed Oops mode in which the Java heap is
#     placed in the first 4GB address space. The Java Heap base address is the
#     maximum limit for the native heap growth. Please use -XX:HeapBaseMinAddress
#     to set the Java Heap base and to place the Java Heap above 4GB virtual address.
# This output file may be truncated or incomplete.
#
#  Out of Memory Error (src/hotspot/share/memory/arena.cpp:197), pid=13332, tid=1948
#
# JRE version: OpenJDK Runtime Environment (11.0.15) (build 11.0.15+0-b2043.56-9505619)
# Java VM: OpenJDK 64-Bit Server VM (11.0.15+0-b2043.56-9505619, mixed mode, tiered, compressed oops, g1 gc, windows-amd64)
# No core dump will be written. Minidumps are not enabled by default on client versions of Windows
#

---------------  S U M M A R Y ------------

Command Line: org.jetbrains.kotlin.cli.jvm.K2JVMCompiler @D:\FPT\Capstone\washouse_staff\build\rive_common\20230415_16470828822640903077.compiler.options

Host: 11th Gen Intel(R) Core(TM) i7-1165G7 @ 2.80GHz, 8 cores, 5G,  Windows 10 , 64 bit Build 19041 (10.0.19041.2364)
Time: Sat Apr 15 14:08:34 2023 SE Asia Standard Time elapsed time: 7.659322 seconds (0d 0h 0m 7s)

---------------  T H R E A D  ---------------

Current thread (0x000002c5ca0f7000):  JavaThread "C2 CompilerThread0" daemon [_thread_in_native, id=1948, stack(0x000000dbe1a00000,0x000000dbe1b00000)]


Current CompileTask:
C2:   7659 2939       4       java.lang.ClassLoader::loadClass (7 bytes)

Stack: [0x000000dbe1a00000,0x000000dbe1b00000]
Native frames: (J=compiled Java code, j=interpreted, Vv=VM code, C=native code)
V  [jvm.dll+0x64135a]
V  [jvm.dll+0x7d39f9]
V  [jvm.dll+0x7d51b9]
V  [jvm.dll+0x7d58a3]
V  [jvm.dll+0x2691c5]
V  [jvm.dll+0xc1a5c]
V  [jvm.dll+0xc200c]
V  [jvm.dll+0x2da2c2]
V  [jvm.dll+0x54cad9]
V  [jvm.dll+0x22a011]
V  [jvm.dll+0x223809]
V  [jvm.dll+0x220384]
V  [jvm.dll+0x19e851]
V  [jvm.dll+0x230479]
V  [jvm.dll+0x22e5ef]
V  [jvm.dll+0x794de1]
V  [jvm.dll+0x78dc24]
V  [jvm.dll+0x6400f6]
C  [ucrtbase.dll+0x21bb2]
C  [KERNEL32.DLL+0x17614]
C  [ntdll.dll+0x526a1]


---------------  P R O C E S S  ---------------

Threads class SMR info:
_java_thread_list=0x000002c5cb0b83d0, length=10, elements={
0x000002c5af4b5800, 0x000002c5ca0d5000, 0x000002c5ca0d6000, 0x000002c5ca0ee800,
0x000002c5ca0f1800, 0x000002c5ca0f3800, 0x000002c5ca0f7000, 0x000002c5ca101000,
0x000002c5ca107000, 0x000002c5cabbf800
}

Java Threads: ( => current thread )
  0x000002c5af4b5800 JavaThread "main" [_thread_blocked, id=1748, stack(0x000000dbe0e00000,0x000000dbe0f00000)]
  0x000002c5ca0d5000 JavaThread "Reference Handler" daemon [_thread_blocked, id=13912, stack(0x000000dbe1500000,0x000000dbe1600000)]
  0x000002c5ca0d6000 JavaThread "Finalizer" daemon [_thread_blocked, id=10212, stack(0x000000dbe1600000,0x000000dbe1700000)]
  0x000002c5ca0ee800 JavaThread "Signal Dispatcher" daemon [_thread_blocked, id=12920, stack(0x000000dbe1700000,0x000000dbe1800000)]
  0x000002c5ca0f1800 JavaThread "Attach Listener" daemon [_thread_blocked, id=12892, stack(0x000000dbe1800000,0x000000dbe1900000)]
  0x000002c5ca0f3800 JavaThread "Service Thread" daemon [_thread_blocked, id=10776, stack(0x000000dbe1900000,0x000000dbe1a00000)]
=>0x000002c5ca0f7000 JavaThread "C2 CompilerThread0" daemon [_thread_in_native, id=1948, stack(0x000000dbe1a00000,0x000000dbe1b00000)]
  0x000002c5ca101000 JavaThread "C1 CompilerThread0" daemon [_thread_blocked, id=4824, stack(0x000000dbe1b00000,0x000000dbe1c00000)]
  0x000002c5ca107000 JavaThread "Sweeper thread" daemon [_thread_blocked, id=4032, stack(0x000000dbe1c00000,0x000000dbe1d00000)]
  0x000002c5cabbf800 JavaThread "Common-Cleaner" daemon [_thread_blocked, id=7692, stack(0x000000dbe1e00000,0x000000dbe1f00000)]

Other Threads:
  0x000002c5ca0b0800 VMThread "VM Thread" [stack: 0x000000dbe1400000,0x000000dbe1500000] [id=7432]
  0x000002c5cabb9800 WatcherThread [stack: 0x000000dbe1d00000,0x000000dbe1e00000] [id=14932]
  0x000002c5af4ce800 GCTaskThread "GC Thread#0" [stack: 0x000000dbe0f00000,0x000000dbe1000000] [id=6264]
  0x000002c5cb172800 GCTaskThread "GC Thread#1" [stack: 0x000000dbe2000000,0x000000dbe2100000] [id=6328]
  0x000002c5af4f3000 ConcurrentGCThread "G1 Main Marker" [stack: 0x000000dbe1000000,0x000000dbe1100000] [id=2592]
  0x000002c5af4f4800 ConcurrentGCThread "G1 Conc#0" [stack: 0x000000dbe1100000,0x000000dbe1200000] [id=4988]
  0x000002c5cb3db000 ConcurrentGCThread "G1 Conc#1" [stack: 0x000000dbe1f00000,0x000000dbe2000000] [id=12976]
  0x000002c5af565000 ConcurrentGCThread "G1 Refine#0" [stack: 0x000000dbe1200000,0x000000dbe1300000] [id=14820]
  0x000002c5af566000 ConcurrentGCThread "G1 Young RemSet Sampling" [stack: 0x000000dbe1300000,0x000000dbe1400000] [id=18532]

Threads with active compile tasks:
C2 CompilerThread0     7854 2939       4       java.lang.ClassLoader::loadClass (7 bytes)

VM state:at safepoint (normal execution)

VM Mutex/Monitor currently owned by a thread:  ([mutex/lock_event])
[0x000002c5af4b2790] Threads_lock - owner thread: 0x000002c5ca0b0800
[0x000002c5af4b2820] Heap_lock - owner thread: 0x000002c5af4b5800

Heap address: 0x00000000a8200000, size: 1406 MB, Compressed Oops mode: 32-bit
Narrow klass base: 0x0000000000000000, Narrow klass shift: 3
Compressed class space size: 1073741824 Address: 0x0000000100000000

Heap:
 garbage-first heap   total 108544K, used 23552K [0x00000000a8200000, 0x0000000100000000)
  region size 1024K, 5 young (5120K), 5 survivors (5120K)
 Metaspace       used 43278K, capacity 43762K, committed 43984K, reserved 1087488K
  class space    used 5129K, capacity 5319K, committed 5372K, reserved 1048576K
Heap Regions: E=young(eden), S=young(survivor), O=old, HS=humongous(starts), HC=humongous(continues), CS=collection set, F=free, A=archive, TAMS=top-at-mark-start (previous, next)
|   0|0x00000000a8200000, 0x00000000a8300000, 0x00000000a8300000|100%|HS|  |TAMS 0x00000000a8300000, 0x00000000a8200000| Complete 
|   1|0x00000000a8300000, 0x00000000a8400000, 0x00000000a8400000|100%|HC|  |TAMS 0x00000000a8400000, 0x00000000a8300000| Complete 
|   2|0x00000000a8400000, 0x00000000a8500000, 0x00000000a8500000|100%|HC|  |TAMS 0x00000000a8500000, 0x00000000a8400000| Complete 
|   3|0x00000000a8500000, 0x00000000a8600000, 0x00000000a8600000|100%|HS|  |TAMS 0x00000000a8600000, 0x00000000a8500000| Complete 
|   4|0x00000000a8600000, 0x00000000a8700000, 0x00000000a8700000|100%|HC|  |TAMS 0x00000000a8700000, 0x00000000a8600000| Complete 
|   5|0x00000000a8700000, 0x00000000a8800000, 0x00000000a8800000|100%|HC|  |TAMS 0x00000000a8800000, 0x00000000a8700000| Complete 
|   6|0x00000000a8800000, 0x00000000a8800000, 0x00000000a8900000|  0%| F|  |TAMS 0x00000000a8800000, 0x00000000a8800000| Untracked 
|   7|0x00000000a8900000, 0x00000000a8900000, 0x00000000a8a00000|  0%| F|  |TAMS 0x00000000a8900000, 0x00000000a8900000| Untracked 
|   8|0x00000000a8a00000, 0x00000000a8b00000, 0x00000000a8b00000|100%| O|  |TAMS 0x00000000a8b00000, 0x00000000a8a00000| Untracked 
|   9|0x00000000a8b00000, 0x00000000a8c00000, 0x00000000a8c00000|100%| O|  |TAMS 0x00000000a8c00000, 0x00000000a8b00000| Untracked 
|  10|0x00000000a8c00000, 0x00000000a8d00000, 0x00000000a8d00000|100%| O|  |TAMS 0x00000000a8d00000, 0x00000000a8c00000| Untracked 
|  11|0x00000000a8d00000, 0x00000000a8e00000, 0x00000000a8e00000|100%| O|  |TAMS 0x00000000a8e00000, 0x00000000a8d00000| Untracked 
|  12|0x00000000a8e00000, 0x00000000a8f00000, 0x00000000a8f00000|100%| O|  |TAMS 0x00000000a8f00000, 0x00000000a8e00000| Untracked 
|  13|0x00000000a8f00000, 0x00000000a9000000, 0x00000000a9000000|100%| O|  |TAMS 0x00000000a9000000, 0x00000000a8f00000| Untracked 
|  14|0x00000000a9000000, 0x00000000a9100000, 0x00000000a9100000|100%| O|  |TAMS 0x00000000a9100000, 0x00000000a9000000| Untracked 
|  15|0x00000000a9100000, 0x00000000a9200000, 0x00000000a9200000|100%| O|  |TAMS 0x00000000a9200000, 0x00000000a9100000| Untracked 
|  16|0x00000000a9200000, 0x00000000a9300000, 0x00000000a9300000|100%| O|  |TAMS 0x00000000a9300000, 0x00000000a9200000| Untracked 
|  17|0x00000000a9300000, 0x00000000a9400000, 0x00000000a9400000|100%| O|  |TAMS 0x00000000a9400000, 0x00000000a9300000| Untracked 
|  18|0x00000000a9400000, 0x00000000a9500000, 0x00000000a9500000|100%| O|  |TAMS 0x00000000a9500000, 0x00000000a9400000| Untracked 
|  19|0x00000000a9500000, 0x00000000a9600000, 0x00000000a9600000|100%| O|  |TAMS 0x00000000a9562e00, 0x00000000a9500000| Untracked 
|  20|0x00000000a9600000, 0x00000000a9600000, 0x00000000a9700000|  0%| F|  |TAMS 0x00000000a9600000, 0x00000000a9600000| Untracked 
|  21|0x00000000a9700000, 0x00000000a9700000, 0x00000000a9800000|  0%| F|  |TAMS 0x00000000a9700000, 0x00000000a9700000| Untracked 
|  22|0x00000000a9800000, 0x00000000a9800000, 0x00000000a9900000|  0%| F|  |TAMS 0x00000000a9800000, 0x00000000a9800000| Untracked 
|  23|0x00000000a9900000, 0x00000000a9900000, 0x00000000a9a00000|  0%| F|  |TAMS 0x00000000a9900000, 0x00000000a9900000| Untracked 
|  24|0x00000000a9a00000, 0x00000000a9a00000, 0x00000000a9b00000|  0%| F|  |TAMS 0x00000000a9a00000, 0x00000000a9a00000| Untracked 
|  25|0x00000000a9b00000, 0x00000000a9b00000, 0x00000000a9c00000|  0%| F|  |TAMS 0x00000000a9b00000, 0x00000000a9b00000| Untracked 
|  26|0x00000000a9c00000, 0x00000000a9c00000, 0x00000000a9d00000|  0%| F|  |TAMS 0x00000000a9c00000, 0x00000000a9c00000| Untracked 
|  27|0x00000000a9d00000, 0x00000000a9d00000, 0x00000000a9e00000|  0%| F|  |TAMS 0x00000000a9d00000, 0x00000000a9d00000| Untracked 
|  28|0x00000000a9e00000, 0x00000000a9e00000, 0x00000000a9f00000|  0%| F|  |TAMS 0x00000000a9e00000, 0x00000000a9e00000| Untracked 
|  29|0x00000000a9f00000, 0x00000000a9f00000, 0x00000000aa000000|  0%| F|  |TAMS 0x00000000a9f00000, 0x00000000a9f00000| Untracked 
|  30|0x00000000aa000000, 0x00000000aa000000, 0x00000000aa100000|  0%| F|  |TAMS 0x00000000aa000000, 0x00000000aa000000| Untracked 
|  31|0x00000000aa100000, 0x00000000aa100000, 0x00000000aa200000|  0%| F|  |TAMS 0x00000000aa100000, 0x00000000aa100000| Untracked 
|  32|0x00000000aa200000, 0x00000000aa200000, 0x00000000aa300000|  0%| F|  |TAMS 0x00000000aa200000, 0x00000000aa200000| Untracked 
|  33|0x00000000aa300000, 0x00000000aa300000, 0x00000000aa400000|  0%| F|  |TAMS 0x00000000aa300000, 0x00000000aa300000| Untracked 
|  34|0x00000000aa400000, 0x00000000aa400000, 0x00000000aa500000|  0%| F|  |TAMS 0x00000000aa400000, 0x00000000aa400000| Untracked 
|  35|0x00000000aa500000, 0x00000000aa500000, 0x00000000aa600000|  0%| F|  |TAMS 0x00000000aa500000, 0x00000000aa500000| Untracked 
|  36|0x00000000aa600000, 0x00000000aa600000, 0x00000000aa700000|  0%| F|  |TAMS 0x00000000aa600000, 0x00000000aa600000| Untracked 
|  37|0x00000000aa700000, 0x00000000aa700000, 0x00000000aa800000|  0%| F|  |TAMS 0x00000000aa700000, 0x00000000aa700000| Untracked 
|  38|0x00000000aa800000, 0x00000000aa800000, 0x00000000aa900000|  0%| F|  |TAMS 0x00000000aa800000, 0x00000000aa800000| Untracked 
|  39|0x00000000aa900000, 0x00000000aa900000, 0x00000000aaa00000|  0%| F|  |TAMS 0x00000000aa900000, 0x00000000aa900000| Untracked 
|  40|0x00000000aaa00000, 0x00000000aaa00000, 0x00000000aab00000|  0%| F|  |TAMS 0x00000000aaa00000, 0x00000000aaa00000| Untracked 
|  41|0x00000000aab00000, 0x00000000aab00000, 0x00000000aac00000|  0%| F|  |TAMS 0x00000000aab00000, 0x00000000aab00000| Untracked 
|  42|0x00000000aac00000, 0x00000000aac00000, 0x00000000aad00000|  0%| F|  |TAMS 0x00000000aac00000, 0x00000000aac00000| Untracked 
|  43|0x00000000aad00000, 0x00000000aad00000, 0x00000000aae00000|  0%| F|  |TAMS 0x00000000aad00000, 0x00000000aad00000| Untracked 
|  44|0x00000000aae00000, 0x00000000aaf00000, 0x00000000aaf00000|100%| S|CS|TAMS 0x00000000aae00000, 0x00000000aae00000| Complete 
|  45|0x00000000aaf00000, 0x00000000ab000000, 0x00000000ab000000|100%| S|CS|TAMS 0x00000000aaf00000, 0x00000000aaf00000| Complete 
|  46|0x00000000ab000000, 0x00000000ab100000, 0x00000000ab100000|100%| S|CS|TAMS 0x00000000ab000000, 0x00000000ab000000| Complete 
|  47|0x00000000ab100000, 0x00000000ab200000, 0x00000000ab200000|100%| S|CS|TAMS 0x00000000ab100000, 0x00000000ab100000| Complete 
|  48|0x00000000ab200000, 0x00000000ab300000, 0x00000000ab300000|100%| S|CS|TAMS 0x00000000ab200000, 0x00000000ab200000| Complete 
|  49|0x00000000ab300000, 0x00000000ab300000, 0x00000000ab400000|  0%| F|  |TAMS 0x00000000ab300000, 0x00000000ab300000| Untracked 
|  50|0x00000000ab400000, 0x00000000ab400000, 0x00000000ab500000|  0%| F|  |TAMS 0x00000000ab400000, 0x00000000ab400000| Untracked 
|  51|0x00000000ab500000, 0x00000000ab500000, 0x00000000ab600000|  0%| F|  |TAMS 0x00000000ab500000, 0x00000000ab500000| Untracked 
|  52|0x00000000ab600000, 0x00000000ab600000, 0x00000000ab700000|  0%| F|  |TAMS 0x00000000ab600000, 0x00000000ab600000| Untracked 
|  53|0x00000000ab700000, 0x00000000ab700000, 0x00000000ab800000|  0%| F|  |TAMS 0x00000000ab700000, 0x00000000ab700000| Untracked 
|  54|0x00000000ab800000, 0x00000000ab800000, 0x00000000ab900000|  0%| F|  |TAMS 0x00000000ab800000, 0x00000000ab800000| Untracked 
|  55|0x00000000ab900000, 0x00000000ab900000, 0x00000000aba00000|  0%| F|  |TAMS 0x00000000ab900000, 0x00000000ab900000| Untracked 
|  56|0x00000000aba00000, 0x00000000aba00000, 0x00000000abb00000|  0%| F|  |TAMS 0x00000000aba00000, 0x00000000aba00000| Untracked 
|  57|0x00000000abb00000, 0x00000000abb00000, 0x00000000abc00000|  0%| F|  |TAMS 0x00000000abb00000, 0x00000000abb00000| Untracked 
|  58|0x00000000abc00000, 0x00000000abc00000, 0x00000000abd00000|  0%| F|  |TAMS 0x00000000abc00000, 0x00000000abc00000| Untracked 
|  59|0x00000000abd00000, 0x00000000abd00000, 0x00000000abe00000|  0%| F|  |TAMS 0x00000000abd00000, 0x00000000abd00000| Untracked 
|  60|0x00000000abe00000, 0x00000000abe00000, 0x00000000abf00000|  0%| F|  |TAMS 0x00000000abe00000, 0x00000000abe00000| Untracked 
|  61|0x00000000abf00000, 0x00000000abf00000, 0x00000000ac000000|  0%| F|  |TAMS 0x00000000abf00000, 0x00000000abf00000| Untracked 
|  62|0x00000000ac000000, 0x00000000ac000000, 0x00000000ac100000|  0%| F|  |TAMS 0x00000000ac000000, 0x00000000ac000000| Untracked 
|  63|0x00000000ac100000, 0x00000000ac100000, 0x00000000ac200000|  0%| F|  |TAMS 0x00000000ac100000, 0x00000000ac100000| Untracked 
|  64|0x00000000ac200000, 0x00000000ac200000, 0x00000000ac300000|  0%| F|  |TAMS 0x00000000ac200000, 0x00000000ac200000| Untracked 
|  65|0x00000000ac300000, 0x00000000ac300000, 0x00000000ac400000|  0%| F|  |TAMS 0x00000000ac300000, 0x00000000ac300000| Untracked 
|  66|0x00000000ac400000, 0x00000000ac400000, 0x00000000ac500000|  0%| F|  |TAMS 0x00000000ac400000, 0x00000000ac400000| Untracked 
|  67|0x00000000ac500000, 0x00000000ac500000, 0x00000000ac600000|  0%| F|  |TAMS 0x00000000ac500000, 0x00000000ac500000| Untracked 
|  68|0x00000000ac600000, 0x00000000ac600000, 0x00000000ac700000|  0%| F|  |TAMS 0x00000000ac600000, 0x00000000ac600000| Untracked 
|  69|0x00000000ac700000, 0x00000000ac700000, 0x00000000ac800000|  0%| F|  |TAMS 0x00000000ac700000, 0x00000000ac700000| Untracked 
|  70|0x00000000ac800000, 0x00000000ac800000, 0x00000000ac900000|  0%| F|  |TAMS 0x00000000ac800000, 0x00000000ac800000| Untracked 
|  71|0x00000000ac900000, 0x00000000ac900000, 0x00000000aca00000|  0%| F|  |TAMS 0x00000000ac900000, 0x00000000ac900000| Untracked 
|  72|0x00000000aca00000, 0x00000000aca00000, 0x00000000acb00000|  0%| F|  |TAMS 0x00000000aca00000, 0x00000000aca00000| Untracked 
|  73|0x00000000acb00000, 0x00000000acb00000, 0x00000000acc00000|  0%| F|  |TAMS 0x00000000acb00000, 0x00000000acb00000| Untracked 
|  74|0x00000000acc00000, 0x00000000acc00000, 0x00000000acd00000|  0%| F|  |TAMS 0x00000000acc00000, 0x00000000acc00000| Untracked 
|  75|0x00000000acd00000, 0x00000000acd00000, 0x00000000ace00000|  0%| F|  |TAMS 0x00000000acd00000, 0x00000000acd00000| Untracked 
|  76|0x00000000ace00000, 0x00000000ace00000, 0x00000000acf00000|  0%| F|  |TAMS 0x00000000ace00000, 0x00000000ace00000| Untracked 
|  77|0x00000000acf00000, 0x00000000acf00000, 0x00000000ad000000|  0%| F|  |TAMS 0x00000000acf00000, 0x00000000acf00000| Untracked 
|  78|0x00000000ad000000, 0x00000000ad000000, 0x00000000ad100000|  0%| F|  |TAMS 0x00000000ad000000, 0x00000000ad000000| Untracked 
|  79|0x00000000ad100000, 0x00000000ad100000, 0x00000000ad200000|  0%| F|  |TAMS 0x00000000ad100000, 0x00000000ad100000| Untracked 
|  80|0x00000000ad200000, 0x00000000ad200000, 0x00000000ad300000|  0%| F|  |TAMS 0x00000000ad200000, 0x00000000ad200000| Untracked 
|  81|0x00000000ad300000, 0x00000000ad300000, 0x00000000ad400000|  0%| F|  |TAMS 0x00000000ad300000, 0x00000000ad300000| Untracked 
|  82|0x00000000ad400000, 0x00000000ad400000, 0x00000000ad500000|  0%| F|  |TAMS 0x00000000ad400000, 0x00000000ad400000| Untracked 
|  83|0x00000000ad500000, 0x00000000ad500000, 0x00000000ad600000|  0%| F|  |TAMS 0x00000000ad500000, 0x00000000ad500000| Untracked 
|  84|0x00000000ad600000, 0x00000000ad600000, 0x00000000ad700000|  0%| F|  |TAMS 0x00000000ad600000, 0x00000000ad600000| Untracked 
|  85|0x00000000ad700000, 0x00000000ad700000, 0x00000000ad800000|  0%| F|  |TAMS 0x00000000ad700000, 0x00000000ad700000| Untracked 
|  86|0x00000000ad800000, 0x00000000ad800000, 0x00000000ad900000|  0%| F|  |TAMS 0x00000000ad800000, 0x00000000ad800000| Untracked 
|  87|0x00000000ad900000, 0x00000000ad900000, 0x00000000ada00000|  0%| F|  |TAMS 0x00000000ad900000, 0x00000000ad900000| Untracked 

Card table byte_map: [0x000002c5c44e0000,0x000002c5c47a0000] _byte_map_base: 0x000002c5c3f9f000

Marking Bits (Prev, Next): (CMBitMap*) 0x000002c5af4ecd68, (CMBitMap*) 0x000002c5af4ecda0
 Prev Bits: [0x000002c5c4a60000, 0x000002c5c6058000)
 Next Bits: [0x000002c5c6060000, 0x000002c5c7658000)

Polling page: 0x000002c5b4790000

Metaspace:

Usage:
  Non-class:     37.54 MB capacity,    37.25 MB (>99%) used,   233.31 KB ( <1%) free+waste,    60.69 KB ( <1%) overhead. 
      Class:      5.19 MB capacity,     5.01 MB ( 96%) used,   162.45 KB (  3%) free+waste,    26.81 KB ( <1%) overhead. 
       Both:     42.74 MB capacity,    42.26 MB ( 99%) used,   395.76 KB ( <1%) free+waste,    87.50 KB ( <1%) overhead. 

Virtual space:
  Non-class space:       38.00 MB reserved,      37.71 MB (>99%) committed 
      Class space:        1.00 GB reserved,       5.25 MB ( <1%) committed 
             Both:        1.04 GB reserved,      42.95 MB (  4%) committed 

Chunk freelists:
   Non-Class:  105.00 KB
       Class:  25.00 KB
        Both:  130.00 KB

MaxMetaspaceSize: 17179869184.00 GB
CompressedClassSpaceSize: 1.00 GB
Initial GC threshold: 20.80 MB
Current GC threshold: 59.09 MB
CDS: off

CodeHeap 'non-profiled nmethods': size=120000Kb used=1193Kb max_used=1193Kb free=118807Kb
 bounds [0x000002c5bc280000, 0x000002c5bc4f0000, 0x000002c5c37b0000]
CodeHeap 'profiled nmethods': size=120000Kb used=6392Kb max_used=6392Kb free=113607Kb
 bounds [0x000002c5b4d50000, 0x000002c5b5390000, 0x000002c5bc280000]
CodeHeap 'non-nmethods': size=5760Kb used=1268Kb max_used=1292Kb free=4492Kb
 bounds [0x000002c5b47b0000, 0x000002c5b4a20000, 0x000002c5b4d50000]
 total_blobs=3561 nmethods=3018 adapters=455
 compilation: enabled
              stopped_count=0, restarted_count=0
 full_count=0

Compilation events (20 events):
Event: 7.623 Thread 0x000002c5ca101000 2956       3       org.jetbrains.kotlin.com.intellij.util.text.ImmutableText$Leaf8BitNode::charAt (10 bytes)
Event: 7.623 Thread 0x000002c5ca101000 nmethod 2956 0x000002c5b5375010 code [0x000002c5b53751c0, 0x000002c5b5375358]
Event: 7.623 Thread 0x000002c5ca101000 2955       3       org.jetbrains.kotlin.com.intellij.util.text.ImmutableText::charAt (50 bytes)
Event: 7.623 Thread 0x000002c5ca101000 nmethod 2955 0x000002c5b5375490 code [0x000002c5b5375660, 0x000002c5b5375998]
Event: 7.623 Thread 0x000002c5ca101000 2957       3       org.jetbrains.kotlin.lexer._JetLexer::ZZ_CMAP (34 bytes)
Event: 7.623 Thread 0x000002c5ca101000 nmethod 2957 0x000002c5b5375b10 code [0x000002c5b5375ce0, 0x000002c5b5375e78]
Event: 7.623 Thread 0x000002c5ca101000 2960   !   3       org.jetbrains.kotlin.com.intellij.lexer.FlexAdapter::locateToken (108 bytes)
Event: 7.624 Thread 0x000002c5ca101000 nmethod 2960 0x000002c5b5376010 code [0x000002c5b5376240, 0x000002c5b5376868]
Event: 7.624 Thread 0x000002c5ca101000 2958       1       org.jetbrains.kotlin.lexer._JetLexer::yystate (5 bytes)
Event: 7.624 Thread 0x000002c5ca101000 nmethod 2958 0x000002c5bc3a6810 code [0x000002c5bc3a69c0, 0x000002c5bc3a6a78]
Event: 7.624 Thread 0x000002c5ca101000 2959       1       org.jetbrains.kotlin.lexer._JetLexer::getTokenStart (5 bytes)
Event: 7.624 Thread 0x000002c5ca101000 nmethod 2959 0x000002c5bc3a6b10 code [0x000002c5bc3a6cc0, 0x000002c5bc3a6d78]
Event: 7.630 Thread 0x000002c5ca101000 2961       3       java.lang.String::startsWith (138 bytes)
Event: 7.631 Thread 0x000002c5ca101000 nmethod 2961 0x000002c5b5376b90 code [0x000002c5b5376dc0, 0x000002c5b5377778]
Event: 7.634 Thread 0x000002c5ca101000 2962       3       java.lang.Class::getPackageName (81 bytes)
Event: 7.635 Thread 0x000002c5ca101000 nmethod 2962 0x000002c5b5377a90 code [0x000002c5b5377d20, 0x000002c5b5378648]
Event: 7.645 Thread 0x000002c5ca101000 2963       3       org.jetbrains.kotlin.com.intellij.psi.tree.TokenSet::get (44 bytes)
Event: 7.645 Thread 0x000002c5ca101000 nmethod 2963 0x000002c5b5378990 code [0x000002c5b5378b40, 0x000002c5b5378d58]
Event: 7.649 Thread 0x000002c5ca101000 2964   !   3       jdk.internal.loader.URLClassPath$JarLoader::getResource (65 bytes)
Event: 7.650 Thread 0x000002c5ca101000 nmethod 2964 0x000002c5b5378e10 code [0x000002c5b5379080, 0x000002c5b5379a88]

GC Heap History (8 events):
Event: 0.840 GC heap before
{Heap before GC invocations=0 (full 0):
 garbage-first heap   total 90112K, used 27648K [0x00000000a8200000, 0x0000000100000000)
  region size 1024K, 24 young (24576K), 0 survivors (0K)
 Metaspace       used 12205K, capacity 12286K, committed 12416K, reserved 1060864K
  class space    used 1090K, capacity 1113K, committed 1152K, reserved 1048576K
}
Event: 0.849 GC heap after
{Heap after GC invocations=1 (full 0):
 garbage-first heap   total 90112K, used 6141K [0x00000000a8200000, 0x0000000100000000)
  region size 1024K, 3 young (3072K), 3 survivors (3072K)
 Metaspace       used 12205K, capacity 12286K, committed 12416K, reserved 1060864K
  class space    used 1090K, capacity 1113K, committed 1152K, reserved 1048576K
}
Event: 2.251 GC heap before
{Heap before GC invocations=1 (full 0):
 garbage-first heap   total 90112K, used 43005K [0x00000000a8200000, 0x0000000100000000)
  region size 1024K, 40 young (40960K), 3 survivors (3072K)
 Metaspace       used 21013K, capacity 21156K, committed 21248K, reserved 1069056K
  class space    used 2200K, capacity 2271K, committed 2304K, reserved 1048576K
}
Event: 2.270 GC heap after
{Heap after GC invocations=2 (full 0):
 garbage-first heap   total 90112K, used 9851K [0x00000000a8200000, 0x0000000100000000)
  region size 1024K, 7 young (7168K), 7 survivors (7168K)
 Metaspace       used 21013K, capacity 21156K, committed 21248K, reserved 1069056K
  class space    used 2200K, capacity 2271K, committed 2304K, reserved 1048576K
}
Event: 5.541 GC heap before
{Heap before GC invocations=3 (full 0):
 garbage-first heap   total 90112K, used 56955K [0x00000000a8200000, 0x0000000100000000)
  region size 1024K, 48 young (49152K), 7 survivors (7168K)
 Metaspace       used 31019K, capacity 31458K, committed 31612K, reserved 1077248K
  class space    used 3653K, capacity 3825K, committed 3964K, reserved 1048576K
}
Event: 5.560 GC heap after
{Heap after GC invocations=4 (full 0):
 garbage-first heap   total 90112K, used 20741K [0x00000000a8200000, 0x0000000100000000)
  region size 1024K, 6 young (6144K), 6 survivors (6144K)
 Metaspace       used 31019K, capacity 31458K, committed 31612K, reserved 1077248K
  class space    used 3653K, capacity 3825K, committed 3964K, reserved 1048576K
}
Event: 6.525 GC heap before
{Heap before GC invocations=4 (full 0):
 garbage-first heap   total 90112K, used 40197K [0x00000000a8200000, 0x0000000100000000)
  region size 1024K, 26 young (26624K), 6 survivors (6144K)
 Metaspace       used 35563K, capacity 35987K, committed 36048K, reserved 1081344K
  class space    used 4375K, capacity 4567K, committed 4604K, reserved 1048576K
}
Event: 6.540 GC heap after
{Heap after GC invocations=5 (full 0):
 garbage-first heap   total 90112K, used 20363K [0x00000000a8200000, 0x0000000100000000)
  region size 1024K, 3 young (3072K), 3 survivors (3072K)
 Metaspace       used 35563K, capacity 35987K, committed 36048K, reserved 1081344K
  class space    used 4375K, capacity 4567K, committed 4604K, reserved 1048576K
}

Deoptimization events (20 events):
Event: 7.551 Thread 0x000002c5af4b5800 Uncommon trap: trap_request=0xffffff4d fr.pc=0x000002c5bc2b71ec relative=0x0000000000000c4c
Event: 7.551 Thread 0x000002c5af4b5800 Uncommon trap: reason=unstable_if action=reinterpret pc=0x000002c5bc2b71ec method=java.lang.StringCoding.encodeUTF8(B[BZ)[B @ 2 c2
Event: 7.552 Thread 0x000002c5af4b5800 DEOPT PACKING pc=0x000002c5bc2b71ec sp=0x000000dbe0ef5680
Event: 7.552 Thread 0x000002c5af4b5800 DEOPT UNPACKING pc=0x000002c5b47b85af sp=0x000000dbe0ef5470 mode 2
Event: 7.552 Thread 0x000002c5af4b5800 Uncommon trap: trap_request=0xffffff4d fr.pc=0x000002c5bc3917a8 relative=0x0000000000000268
Event: 7.552 Thread 0x000002c5af4b5800 Uncommon trap: reason=unstable_if action=reinterpret pc=0x000002c5bc3917a8 method=sun.net.www.ParseUtil.firstEncodeIndex(Ljava/lang/String;)I @ 27 c2
Event: 7.552 Thread 0x000002c5af4b5800 DEOPT PACKING pc=0x000002c5bc3917a8 sp=0x000000dbe0ef57b0
Event: 7.552 Thread 0x000002c5af4b5800 DEOPT UNPACKING pc=0x000002c5b47b85af sp=0x000000dbe0ef55d8 mode 2
Event: 7.552 Thread 0x000002c5af4b5800 Uncommon trap: trap_request=0xffffff4d fr.pc=0x000002c5bc345db8 relative=0x0000000000000198
Event: 7.552 Thread 0x000002c5af4b5800 Uncommon trap: reason=unstable_if action=reinterpret pc=0x000002c5bc345db8 method=java.lang.String.indexOf(II)I @ 4 c2
Event: 7.552 Thread 0x000002c5af4b5800 DEOPT PACKING pc=0x000002c5bc345db8 sp=0x000000dbe0ef5440
Event: 7.552 Thread 0x000002c5af4b5800 DEOPT UNPACKING pc=0x000002c5b47b85af sp=0x000000dbe0ef53f0 mode 2
Event: 7.552 Thread 0x000002c5af4b5800 Uncommon trap: trap_request=0xffffff4d fr.pc=0x000002c5bc34c730 relative=0x0000000000000190
Event: 7.552 Thread 0x000002c5af4b5800 Uncommon trap: reason=unstable_if action=reinterpret pc=0x000002c5bc34c730 method=java.lang.String.startsWith(Ljava/lang/String;I)Z @ 46 c2
Event: 7.552 Thread 0x000002c5af4b5800 DEOPT PACKING pc=0x000002c5bc34c730 sp=0x000000dbe0ef5540
Event: 7.552 Thread 0x000002c5af4b5800 DEOPT UNPACKING pc=0x000002c5b47b85af sp=0x000000dbe0ef54a8 mode 2
Event: 7.552 Thread 0x000002c5af4b5800 Uncommon trap: trap_request=0xffffff4d fr.pc=0x000002c5bc397324 relative=0x0000000000000644
Event: 7.552 Thread 0x000002c5af4b5800 Uncommon trap: reason=unstable_if action=reinterpret pc=0x000002c5bc397324 method=java.lang.String.lastIndexOf(II)I @ 4 c2
Event: 7.552 Thread 0x000002c5af4b5800 DEOPT PACKING pc=0x000002c5bc397324 sp=0x000000dbe0ef55b0
Event: 7.552 Thread 0x000002c5af4b5800 DEOPT UNPACKING pc=0x000002c5b47b85af sp=0x000000dbe0ef54a0 mode 2

Classes redefined (0 events):
No events

Internal exceptions (20 events):
Event: 1.703 Thread 0x000002c5af4b5800 Exception <a 'java/lang/NoSuchMethodError'{0x00000000ac3e4578}: 'long java.lang.invoke.DelegatingMethodHandle$Holder.reinvoke_L(java.lang.Object, java.lang.Object, java.lang.Object)'> (0x00000000ac3e4578) thrown at [src/hotspot/share/interpreter/linkResolver.cpp, line 773]
Event: 1.705 Thread 0x000002c5af4b5800 Exception <a 'java/lang/NoSuchMethodError'{0x00000000ac3ee238}: 'int java.lang.invoke.DirectMethodHandle$Holder.invokeSpecial(java.lang.Object, java.lang.Object, java.lang.Object, java.lang.Object)'> (0x00000000ac3ee238) thrown at [src/hotspot/share/interpreter/linkResolver.cpp, line 773]
Event: 1.710 Thread 0x000002c5af4b5800 Exception <a 'java/lang/NoSuchMethodError'{0x00000000ac3fd018}: 'int java.lang.invoke.DelegatingMethodHandle$Holder.reinvoke_L(java.lang.Object, java.lang.Object, java.lang.Object, long, int)'> (0x00000000ac3fd018) thrown at [src/hotspot/share/interpreter/linkResolver.cpp, line 773]
Event: 1.842 Thread 0x000002c5af4b5800 Exception <a 'java/lang/NoSuchMethodError'{0x00000000abb6ac48}: 'int java.lang.invoke.DirectMethodHandle$Holder.invokeSpecialIFC(java.lang.Object, java.lang.Object, int)'> (0x00000000abb6ac48) thrown at [src/hotspot/share/interpreter/linkResolver.cpp, line 773]
Event: 2.203 Thread 0x000002c5af4b5800 Exception <a 'java/lang/NoSuchMethodError'{0x00000000ab4a4738}: 'java.lang.Object java.lang.invoke.DirectMethodHandle$Holder.invokeStaticInit(java.lang.Object, int)'> (0x00000000ab4a4738) thrown at [src/hotspot/share/interpreter/linkResolver.cpp, line 773]
Event: 2.278 Thread 0x000002c5af4b5800 Exception <a 'java/lang/NoSuchMethodError'{0x00000000ad928eb0}: 'long java.lang.invoke.DirectMethodHandle$Holder.invokeStatic(java.lang.Object)'> (0x00000000ad928eb0) thrown at [src/hotspot/share/interpreter/linkResolver.cpp, line 773]
Event: 2.278 Thread 0x000002c5af4b5800 Exception <a 'java/lang/NoSuchMethodError'{0x00000000ad92bd08}: 'long java.lang.invoke.DirectMethodHandle$Holder.invokeStaticInit(java.lang.Object)'> (0x00000000ad92bd08) thrown at [src/hotspot/share/interpreter/linkResolver.cpp, line 773]
Event: 2.527 Thread 0x000002c5af4b5800 Exception <a 'java/lang/NoSuchMethodError'{0x00000000ad51ad28}: 'int java.lang.invoke.DirectMethodHandle$Holder.invokeStaticInit(java.lang.Object, java.lang.Object, java.lang.Object)'> (0x00000000ad51ad28) thrown at [src/hotspot/share/interpreter/linkResolver.cpp, line 773]
Event: 2.536 Thread 0x000002c5af4b5800 Exception <a 'java/lang/NoSuchMethodError'{0x00000000ad5465e8}: 'int java.lang.invoke.DirectMethodHandle$Holder.invokeStaticInit(java.lang.Object, java.lang.Object)'> (0x00000000ad5465e8) thrown at [src/hotspot/share/interpreter/linkResolver.cpp, line 773]
Event: 2.717 Thread 0x000002c5af4b5800 Exception <a 'java/lang/NoSuchMethodError'{0x00000000ad35bb88}: 'void java.lang.invoke.DirectMethodHandle$Holder.invokeSpecial(java.lang.Object, java.lang.Object)'> (0x00000000ad35bb88) thrown at [src/hotspot/share/interpreter/linkResolver.cpp, line 773]
Event: 3.218 Thread 0x000002c5af4b5800 Exception <a 'java/lang/NoSuchMethodError'{0x00000000acbfc6d8}: 'java.lang.Object java.lang.invoke.DirectMethodHandle$Holder.invokeStatic(java.lang.Object, java.lang.Object, java.lang.Object, java.lang.Object, java.lang.Object, java.lang.Object, java.lang.Object, java.lang.Object, java.lang.Object, java.lang.Object, java.lang.Object, java.lang.Object, java.lang.Object, java.lang.Object, java.lang.Object)'> (0x00000000acbfc6d8) thrown at [src/hotspot/share/interpreter/linkResolver.cpp, line 773]
Event: 3.219 Thread 0x000002c5af4b5800 Exception <a 'java/lang/NoSuchMethodError'{0x00000000aca0abe8}: 'java.lang.Object java.lang.invoke.DirectMethodHandle$Holder.invokeStatic(java.lang.Object, java.lang.Object, java.lang.Object, java.lang.Object, java.lang.Object, java.lang.Object, java.lang.Object, java.lang.Object, java.lang.Object, java.lang.Object, java.lang.Object, java.lang.Object, java.lang.Object, java.lang.Object, java.lang.Object, java.lang.Object)'> (0x00000000aca0abe8) thrown at [src/hotspot/share/interpreter/linkResolver.cpp, lin
Event: 3.221 Thread 0x000002c5af4b5800 Exception <a 'java/lang/NoSuchMethodError'{0x00000000aca18b00}: 'java.lang.Object java.lang.invoke.DirectMethodHandle$Holder.invokeSpecial(java.lang.Object, java.lang.Object, int, int, java.lang.Object, java.lang.Object, java.lang.Object)'> (0x00000000aca18b00) thrown at [src/hotspot/share/interpreter/linkResolver.cpp, line 773]
Event: 3.221 Thread 0x000002c5af4b5800 Exception <a 'java/lang/NoSuchMethodError'{0x00000000aca1c338}: 'java.lang.Object java.lang.invoke.DelegatingMethodHandle$Holder.reinvoke_L(java.lang.Object, int, int, java.lang.Object, java.lang.Object, java.lang.Object)'> (0x00000000aca1c338) thrown at [src/hotspot/share/interpreter/linkResolver.cpp, line 773]
Event: 3.222 Thread 0x000002c5af4b5800 Exception <a 'java/lang/NoSuchMethodError'{0x00000000aca206c0}: 'java.lang.Object java.lang.invoke.DirectMethodHandle$Holder.invokeStatic(java.lang.Object, java.lang.Object, java.lang.Object, java.lang.Object, int)'> (0x00000000aca206c0) thrown at [src/hotspot/share/interpreter/linkResolver.cpp, line 773]
Event: 3.393 Thread 0x000002c5af4b5800 Exception <a 'java/lang/NoSuchMethodError'{0x00000000ac946bb0}: 'void java.lang.invoke.DirectMethodHandle$Holder.invokeStatic(java.lang.Object, java.lang.Object, java.lang.Object, java.lang.Object)'> (0x00000000ac946bb0) thrown at [src/hotspot/share/interpreter/linkResolver.cpp, line 773]
Event: 3.989 Thread 0x000002c5af4b5800 Exception <a 'java/lang/NoSuchMethodError'{0x00000000ac529cb8}: 'void java.lang.invoke.DirectMethodHandle$Holder.invokeStaticInit(java.lang.Object, java.lang.Object)'> (0x00000000ac529cb8) thrown at [src/hotspot/share/interpreter/linkResolver.cpp, line 773]
Event: 4.400 Thread 0x000002c5af4b5800 Exception <a 'java/lang/NoSuchMethodError'{0x00000000ac159868}: 'void java.lang.invoke.DirectMethodHandle$Holder.invokeVirtual(java.lang.Object, java.lang.Object)'> (0x00000000ac159868) thrown at [src/hotspot/share/interpreter/linkResolver.cpp, line 773]
Event: 4.433 Thread 0x000002c5af4b5800 Exception <a 'java/lang/NoSuchMethodError'{0x00000000ac1e21a8}: 'int java.lang.invoke.DirectMethodHandle$Holder.invokeVirtual(java.lang.Object, java.lang.Object)'> (0x00000000ac1e21a8) thrown at [src/hotspot/share/interpreter/linkResolver.cpp, line 773]
Event: 6.421 Thread 0x000002c5af4b5800 Exception <a 'java/lang/NoSuchMethodError'{0x00000000ac99d350}: 'java.lang.Object java.lang.invoke.DirectMethodHandle$Holder.invokeVirtual(java.lang.Object, java.lang.Object, java.lang.Object)'> (0x00000000ac99d350) thrown at [src/hotspot/share/interpreter/linkResolver.cpp, line 773]

Events (20 events):
Event: 7.636 loading class org/jetbrains/kotlin/parsing/Consumer
Event: 7.636 loading class org/jetbrains/kotlin/parsing/Consumer done
Event: 7.639 loading class org/jetbrains/kotlin/parsing/TokenStreamPredicate
Event: 7.639 loading class org/jetbrains/kotlin/parsing/TokenStreamPredicate done
Event: 7.639 loading class org/jetbrains/kotlin/parsing/TokenStreamPattern
Event: 7.639 loading class org/jetbrains/kotlin/parsing/TokenStreamPattern done
Event: 7.640 loading class org/jetbrains/kotlin/parsing/KotlinExpressionParsing
Event: 7.640 loading class org/jetbrains/kotlin/parsing/KotlinExpressionParsing done
Event: 7.642 loading class org/jetbrains/kotlin/parsing/KotlinParsing$1
Event: 7.642 loading class org/jetbrains/kotlin/parsing/KotlinParsing$1 done
Event: 7.647 loading class org/jetbrains/kotlin/com/google/common/collect/ImmutableBiMap
Event: 7.647 loading class org/jetbrains/kotlin/com/google/common/collect/ImmutableBiMap done
Event: 7.649 loading class org/jetbrains/kotlin/com/google/common/collect/ImmutableBiMapFauxverideShim
Event: 7.649 loading class org/jetbrains/kotlin/com/google/common/collect/ImmutableBiMapFauxverideShim done
Event: 7.649 loading class org/jetbrains/kotlin/com/google/common/collect/ImmutableMap$1
Event: 7.649 loading class org/jetbrains/kotlin/com/google/common/collect/ImmutableMap$1 done
Event: 7.650 loading class org/jetbrains/kotlin/com/google/common/collect/ImmutableMap$MapViewOfValuesAsSingletonSets
Event: 7.650 loading class org/jetbrains/kotlin/com/google/common/collect/ImmutableMap$MapViewOfValuesAsSingletonSets done
Event: 7.651 loading class org/jetbrains/kotlin/com/google/common/collect/ImmutableMap$Builder
Event: 7.651 loading class org/jetbrains/kotlin/com/google/common/collect/ImmutableMap$Builder done


Dynamic libraries:
0x00007ff6a6300000 - 0x00007ff6a630a000 	C:\Program Files\Android\Android Studio\jre\bin\java.exe
0x00007ffff2ef0000 - 0x00007ffff30e8000 	C:\Windows\SYSTEM32\ntdll.dll
0x00007ffff2650000 - 0x00007ffff270f000 	C:\Windows\System32\KERNEL32.DLL
0x00007ffff0940000 - 0x00007ffff0c12000 	C:\Windows\System32\KERNELBASE.dll
0x00007ffff0c20000 - 0x00007ffff0d20000 	C:\Windows\System32\ucrtbase.dll
0x00007fffb4650000 - 0x00007fffb466b000 	C:\Program Files\Android\Android Studio\jre\bin\VCRUNTIME140.dll
0x00007fffb19e0000 - 0x00007fffb19f7000 	C:\Program Files\Android\Android Studio\jre\bin\jli.dll
0x00007ffff2820000 - 0x00007ffff29c1000 	C:\Windows\System32\USER32.dll
0x00007ffff0dc0000 - 0x00007ffff0de2000 	C:\Windows\System32\win32u.dll
0x00007ffff2e80000 - 0x00007ffff2eab000 	C:\Windows\System32\GDI32.dll
0x00007ffff06d0000 - 0x00007ffff07df000 	C:\Windows\System32\gdi32full.dll
0x00007ffff0d20000 - 0x00007ffff0dbd000 	C:\Windows\System32\msvcp_win.dll
0x00007fffd7e80000 - 0x00007fffd811a000 	C:\Windows\WinSxS\amd64_microsoft.windows.common-controls_6595b64144ccf1df_6.0.19041.1110_none_60b5254171f9507e\COMCTL32.dll
0x00007ffff1e80000 - 0x00007ffff1f1e000 	C:\Windows\System32\msvcrt.dll
0x00007ffff29d0000 - 0x00007ffff2a02000 	C:\Windows\System32\IMM32.DLL
0x00007fffb3da0000 - 0x00007fffb3dac000 	C:\Program Files\Android\Android Studio\jre\bin\vcruntime140_1.dll
0x00007fffa6d60000 - 0x00007fffa6ded000 	C:\Program Files\Android\Android Studio\jre\bin\msvcp140.dll
0x00007fff5f470000 - 0x00007fff6002c000 	C:\Program Files\Android\Android Studio\jre\bin\server\jvm.dll
0x00007ffff2710000 - 0x00007ffff27be000 	C:\Windows\System32\ADVAPI32.dll
0x00007ffff1f20000 - 0x00007ffff1fbc000 	C:\Windows\System32\sechost.dll
0x00007ffff1d40000 - 0x00007ffff1e65000 	C:\Windows\System32\RPCRT4.dll
0x00007ffff2a10000 - 0x00007ffff2a18000 	C:\Windows\System32\PSAPI.DLL
0x00007fffb3a90000 - 0x00007fffb3a99000 	C:\Windows\SYSTEM32\WSOCK32.dll
0x00007fffeeb80000 - 0x00007fffeeba7000 	C:\Windows\SYSTEM32\WINMM.dll
0x00007ffff2db0000 - 0x00007ffff2e1b000 	C:\Windows\System32\WS2_32.dll
0x00007fffe72b0000 - 0x00007fffe72ba000 	C:\Windows\SYSTEM32\VERSION.dll
0x00007fffeee80000 - 0x00007fffeee92000 	C:\Windows\SYSTEM32\kernel.appcore.dll
0x00007fffb19c0000 - 0x00007fffb19d0000 	C:\Program Files\Android\Android Studio\jre\bin\verify.dll
0x00007fffee990000 - 0x00007fffeeb74000 	C:\Windows\SYSTEM32\DBGHELP.DLL
0x00007fffeebb0000 - 0x00007fffeebe5000 	C:\Windows\SYSTEM32\dbgcore.DLL
0x00007ffff0ea0000 - 0x00007ffff0f22000 	C:\Windows\System32\bcryptPrimitives.dll
0x00007fffb1990000 - 0x00007fffb19b8000 	C:\Program Files\Android\Android Studio\jre\bin\java.dll
0x00007fffb1980000 - 0x00007fffb198a000 	C:\Program Files\Android\Android Studio\jre\bin\jimage.dll
0x00007fffb13e0000 - 0x00007fffb13f8000 	C:\Program Files\Android\Android Studio\jre\bin\zip.dll
0x00007ffff14b0000 - 0x00007ffff1bf4000 	C:\Windows\System32\SHELL32.dll
0x00007fffee120000 - 0x00007fffee8b2000 	C:\Windows\SYSTEM32\windows.storage.dll
0x00007ffff1150000 - 0x00007ffff14a5000 	C:\Windows\System32\combase.dll
0x00007ffff0040000 - 0x00007ffff0070000 	C:\Windows\SYSTEM32\Wldp.dll
0x00007ffff2bd0000 - 0x00007ffff2c7d000 	C:\Windows\System32\SHCORE.dll
0x00007ffff27c0000 - 0x00007ffff2815000 	C:\Windows\System32\shlwapi.dll
0x00007ffff0520000 - 0x00007ffff053f000 	C:\Windows\SYSTEM32\profapi.dll
0x00007fffb1340000 - 0x00007fffb1359000 	C:\Program Files\Android\Android Studio\jre\bin\net.dll
0x00007fffead20000 - 0x00007fffeae2c000 	C:\Windows\SYSTEM32\WINHTTP.dll
0x00007fffefda0000 - 0x00007fffefe0a000 	C:\Windows\system32\mswsock.dll
0x00007fffb1320000 - 0x00007fffb1333000 	C:\Program Files\Android\Android Studio\jre\bin\nio.dll

dbghelp: loaded successfully - version: 4.0.5 - missing functions: none
symbol engine: initialized successfully - sym options: 0x614 - pdb path: .;C:\Program Files\Android\Android Studio\jre\bin;C:\Windows\SYSTEM32;C:\Windows\WinSxS\amd64_microsoft.windows.common-controls_6595b64144ccf1df_6.0.19041.1110_none_60b5254171f9507e;C:\Program Files\Android\Android Studio\jre\bin\server

VM Arguments:
java_command: org.jetbrains.kotlin.cli.jvm.K2JVMCompiler @D:\FPT\Capstone\washouse_staff\build\rive_common\20230415_16470828822640903077.compiler.options
java_class_path (initial): C:\Users\chilamha\.gradle\caches\modules-2\files-2.1\org.jetbrains.kotlin\kotlin-compiler-embeddable\1.7.10\909803167c98606fcf22b4c848647c68e351d48d\kotlin-compiler-embeddable-1.7.10.jar;C:\Users\chilamha\.gradle\caches\modules-2\files-2.1\org.jetbrains.kotlin\kotlin-reflect\1.7.10\165e600dfea6185cf5efa700756294cc4904dbeb\kotlin-reflect-1.7.10.jar;C:\Users\chilamha\.gradle\caches\modules-2\files-2.1\org.jetbrains.kotlin\kotlin-stdlib\1.7.10\d2abf9e77736acc4450dc4a3f707fa2c10f5099d\kotlin-stdlib-1.7.10.jar;C:\Users\chilamha\.gradle\caches\modules-2\files-2.1\org.jetbrains.kotlin\kotlin-script-runtime\1.7.10\c99c87a6988d8fd8d5142e9ed5c9f34a7cf561ee\kotlin-script-runtime-1.7.10.jar;C:\Users\chilamha\.gradle\caches\modules-2\files-2.1\org.jetbrains.kotlin\kotlin-daemon-embeddable\1.7.10\3a9f7aef7080d3ae63126cbba4f827ed664f32fa\kotlin-daemon-embeddable-1.7.10.jar;C:\Users\chilamha\.gradle\caches\modules-2\files-2.1\org.jetbrains.intellij.deps\trove4j\1.0.20200330\3afb14d5f9ceb459d724e907a21145e8ff394f02\trove4j-1.0.20200330.jar;C:\Users\chilamha\.gradle\caches\modules-2\files-2.1\net.java.dev.jna\jna\5.6.0\330f2244e9030119ab3030fc3fededc86713d9cc\jna-5.6.0.jar;C:\Users\chilamha\.gradle\caches\modules-2\files-2.1\org.jetbrains.kotlin\kotlin-stdlib-common\1.7.10\bac80c520d0a9e3f3673bc2658c6ed02ef45a76a\kotlin-stdlib-common-1.7.10.jar;C:\Users\chilamha\.gradle\caches\modules-2\files-2.1\org.jetbrains\annotations\13.0\919f0dfe192fb4e063e7dacadee7f8bb9a2672a9\annotations-13.0.jar
Launcher Type: SUN_STANDARD

[Global flags]
     intx CICompilerCount                          = 4                                         {product} {ergonomic}
     uint ConcGCThreads                            = 2                                         {product} {ergonomic}
     uint G1ConcRefinementThreads                  = 8                                         {product} {ergonomic}
   size_t G1HeapRegionSize                         = 1048576                                   {product} {ergonomic}
    uintx GCDrainStackTargetSize                   = 64                                        {product} {ergonomic}
   size_t InitialHeapSize                          = 92274688                                  {product} {ergonomic}
   size_t MarkStackSize                            = 4194304                                   {product} {ergonomic}
   size_t MaxHeapSize                              = 1474297856                                {product} {ergonomic}
   size_t MaxNewSize                               = 883949568                                 {product} {ergonomic}
   size_t MinHeapDeltaBytes                        = 1048576                                   {product} {ergonomic}
    uintx NonNMethodCodeHeapSize                   = 5836300                                {pd product} {ergonomic}
    uintx NonProfiledCodeHeapSize                  = 122910970                              {pd product} {ergonomic}
    uintx ProfiledCodeHeapSize                     = 122910970                              {pd product} {ergonomic}
    uintx ReservedCodeCacheSize                    = 251658240                              {pd product} {ergonomic}
     bool SegmentedCodeCache                       = true                                      {product} {ergonomic}
     bool UseCompressedClassPointers               = true                                 {lp64_product} {ergonomic}
     bool UseCompressedOops                        = true                                 {lp64_product} {ergonomic}
     bool UseG1GC                                  = true                                      {product} {ergonomic}
     bool UseLargePagesIndividualAllocation        = false                                  {pd product} {ergonomic}

Logging:
Log output configuration:
 #0: stdout all=warning uptime,level,tags
 #1: stderr all=off uptime,level,tags

Environment Variables:
JAVA_HOME=C:\Program Files\Android\Android Studio\jre
CLASSPATH=D:\FPT\Capstone\washouse_staff\android\\gradle\wrapper\gradle-wrapper.jar
PATH=C:\Python311\Scripts\;C:\Python311\;C:\Windows\system32;C:\Windows;C:\Windows\System32\Wbem;C:\Windows\System32\WindowsPowerShell\v1.0\;C:\Windows\System32\OpenSSH\;C:\Program Files\NVIDIA Corporation\NVIDIA NvDLISR;C:\Program Files\Microsoft SQL Server\Client SDK\ODBC\110\Tools\Binn\;C:\Program Files\dotnet\;C:\Program Files\Microsoft SQL Server\Client SDK\ODBC\170\Tools\Binn\;C:\Program Files (x86)\Microsoft SQL Server\90\Tools\binn\;C:\Program Files\Git\cmd;C:\Program Files\nodejs\;C:\ProgramData\chocolatey\bin;C:\Program Files (x86)\Yarn\bin\;C:\Program Files\Azure Data Studio\bin;C:\Program Files (x86)\Microsoft SQL Server\160\DTS\Binn\;C:\Users\chilamha\AppData\Local\Microsoft\WindowsApps;C:\Users\chilamha\.dotnet\tools;C:\Users\chilamha\AppData\Local\GitHubDesktop\bin;C:\Users\chilamha\AppData\Local\Programs\Microsoft VS Code\bin;C:\src\flutter\bin;C:\Users\chilamha\AppData\Local\Android\sdk\platform-tools;C:\Users\chilamha\AppData\Local\Android\Sdk\platform-tools-2;C:\Users\chilamha\AppData\Local\Android\Sdk\platform-tools;C:\Users\chilamha\AppData\Local\Android\Sdk\tools;C:\Gradle\gradle-8.0.1\bin;C:\Users\chilamha\AppData\Roaming\npm;C:\Users\chilamha\AppData\Local\Yarn\bin;C:\Program Files\Azure Data Studio\bin;C:\src\flutter\bin\mingit\cmd
USERNAME=chilamha
OS=Windows_NT
PROCESSOR_IDENTIFIER=Intel64 Family 6 Model 140 Stepping 1, GenuineIntel



---------------  S Y S T E M  ---------------

OS: Windows 10 , 64 bit Build 19041 (10.0.19041.2364)
OS uptime: 0 days 1:08 hours

CPU:total 8 (initial active 8) (4 cores per cpu, 2 threads per core) family 6 model 140 stepping 1 microcode 0xa4, cmov, cx8, fxsr, mmx, sse, sse2, sse3, ssse3, sse4.1, sse4.2, popcnt, avx, avx2, aes, clmul, erms, 3dnowpref, lzcnt, ht, tsc, tscinvbit, bmi1, bmi2, adx, evex, sha, fma

Memory: 4k page, system-wide physical 5622M (40M free)
TotalPageFile size 23030M (AvailPageFile size 0M)
current process WorkingSet (physical memory assigned to process): 172M, peak: 177M
current process commit charge ("private bytes"): 239M, peak: 257M

vm_info: OpenJDK 64-Bit Server VM (11.0.15+0-b2043.56-9505619) for windows-amd64 JRE (11.0.15+0-b2043.56-9505619), built on Jan 19 2023 02:48:00 by "builduser" with unknown MS VC++:1929

END.
