#
# There is insufficient memory for the Java Runtime Environment to continue.
# Native memory allocation (malloc) failed to allocate 64032 bytes for Chunk::new
# Possible reasons:
#   The system is out of physical RAM or swap space
#   The process is running with CompressedOops enabled, and the Java Heap may be blocking the growth of the native heap
# Possible solutions:
#   Reduce memory load on the system
#   Increase physical memory or swap space
#   Check if swap backing store is full
#   Decrease Java heap size (-Xmx/-Xms)
#   Decrease number of Java threads
#   Decrease Java thread stack sizes (-Xss)
#   Set larger code cache with -XX:ReservedCodeCacheSize=
#   JVM is running with Unscaled Compressed Oops mode in which the Java heap is
#     placed in the first 4GB address space. The Java Heap base address is the
#     maximum limit for the native heap growth. Please use -XX:HeapBaseMinAddress
#     to set the Java Heap base and to place the Java Heap above 4GB virtual address.
# This output file may be truncated or incomplete.
#
#  Out of Memory Error (src/hotspot/share/memory/arena.cpp:197), pid=14852, tid=2920
#
# JRE version: OpenJDK Runtime Environment (11.0.15) (build 11.0.15+0-b2043.56-9505619)
# Java VM: OpenJDK 64-Bit Server VM (11.0.15+0-b2043.56-9505619, mixed mode, tiered, compressed oops, g1 gc, windows-amd64)
# No core dump will be written. Minidumps are not enabled by default on client versions of Windows
#

---------------  S U M M A R Y ------------

Command Line: org.jetbrains.kotlin.cli.jvm.K2JVMCompiler @D:\FPT\Capstone\washouse_staff\build\qr_code_scanner\20230415_9234102121852875144.compiler.options

Host: 11th Gen Intel(R) Core(TM) i7-1165G7 @ 2.80GHz, 8 cores, 5G,  Windows 10 , 64 bit Build 19041 (10.0.19041.2364)
Time: Sat Apr 15 14:08:34 2023 SE Asia Standard Time elapsed time: 7.626438 seconds (0d 0h 0m 7s)

---------------  T H R E A D  ---------------

Current thread (0x000001886a99b800):  JavaThread "C2 CompilerThread0" daemon [_thread_in_native, id=2920, stack(0x00000030d4300000,0x00000030d4400000)]


Current CompileTask:
C2:   7626 2938       4       java.lang.ClassLoader::loadClass (7 bytes)

Stack: [0x00000030d4300000,0x00000030d4400000]
Native frames: (J=compiled Java code, j=interpreted, Vv=VM code, C=native code)
V  [jvm.dll+0x64135a]
V  [jvm.dll+0x7d39f9]
V  [jvm.dll+0x7d51b9]
V  [jvm.dll+0x7d58a3]
V  [jvm.dll+0x2691c5]
V  [jvm.dll+0xc1a5c]
V  [jvm.dll+0xc200c]
V  [jvm.dll+0x2da8e7]
V  [jvm.dll+0x54cad9]
V  [jvm.dll+0x220c9d]
V  [jvm.dll+0x222d45]
V  [jvm.dll+0x220384]
V  [jvm.dll+0x19e851]
V  [jvm.dll+0x230479]
V  [jvm.dll+0x22e5ef]
V  [jvm.dll+0x794de1]
V  [jvm.dll+0x78dc24]
V  [jvm.dll+0x6400f6]
C  [ucrtbase.dll+0x21bb2]
C  [KERNEL32.DLL+0x17614]
C  [ntdll.dll+0x526a1]


---------------  P R O C E S S  ---------------

Threads class SMR info:
_java_thread_list=0x000001886cd76ce0, length=10, elements={
0x0000018851cc6000, 0x000001886a975000, 0x000001886a976800, 0x000001886a991000,
0x000001886a994000, 0x000001886a996000, 0x000001886a99b800, 0x000001886a9a2800,
0x000001886a9c9800, 0x000001886b465000
}

Java Threads: ( => current thread )
  0x0000018851cc6000 JavaThread "main" [_thread_blocked, id=12328, stack(0x00000030d3700000,0x00000030d3800000)]
  0x000001886a975000 JavaThread "Reference Handler" daemon [_thread_blocked, id=14668, stack(0x00000030d3e00000,0x00000030d3f00000)]
  0x000001886a976800 JavaThread "Finalizer" daemon [_thread_blocked, id=13488, stack(0x00000030d3f00000,0x00000030d4000000)]
  0x000001886a991000 JavaThread "Signal Dispatcher" daemon [_thread_blocked, id=12624, stack(0x00000030d4000000,0x00000030d4100000)]
  0x000001886a994000 JavaThread "Attach Listener" daemon [_thread_blocked, id=18356, stack(0x00000030d4100000,0x00000030d4200000)]
  0x000001886a996000 JavaThread "Service Thread" daemon [_thread_blocked, id=19092, stack(0x00000030d4200000,0x00000030d4300000)]
=>0x000001886a99b800 JavaThread "C2 CompilerThread0" daemon [_thread_in_native, id=2920, stack(0x00000030d4300000,0x00000030d4400000)]
  0x000001886a9a2800 JavaThread "C1 CompilerThread0" daemon [_thread_blocked, id=12552, stack(0x00000030d4400000,0x00000030d4500000)]
  0x000001886a9c9800 JavaThread "Sweeper thread" daemon [_thread_blocked, id=19084, stack(0x00000030d4500000,0x00000030d4600000)]
  0x000001886b465000 JavaThread "Common-Cleaner" daemon [_thread_blocked, id=18588, stack(0x00000030d4700000,0x00000030d4800000)]

Other Threads:
  0x000001886a950800 VMThread "VM Thread" [stack: 0x00000030d3d00000,0x00000030d3e00000] [id=12512]
  0x000001886b45c800 WatcherThread [stack: 0x00000030d4600000,0x00000030d4700000] [id=4920]
  0x0000018851cde000 GCTaskThread "GC Thread#0" [stack: 0x00000030d3800000,0x00000030d3900000] [id=8676]
  0x000001886b97d800 GCTaskThread "GC Thread#1" [stack: 0x00000030d4900000,0x00000030d4a00000] [id=12532]
  0x0000018851d03800 ConcurrentGCThread "G1 Main Marker" [stack: 0x00000030d3900000,0x00000030d3a00000] [id=12548]
  0x0000018851d04800 ConcurrentGCThread "G1 Conc#0" [stack: 0x00000030d3a00000,0x00000030d3b00000] [id=6644]
  0x000001886b94b800 ConcurrentGCThread "G1 Conc#1" [stack: 0x00000030d4800000,0x00000030d4900000] [id=19188]
  0x0000018851d75000 ConcurrentGCThread "G1 Refine#0" [stack: 0x00000030d3b00000,0x00000030d3c00000] [id=19412]
  0x0000018851d76800 ConcurrentGCThread "G1 Young RemSet Sampling" [stack: 0x00000030d3c00000,0x00000030d3d00000] [id=12744]

Threads with active compile tasks:
C2 CompilerThread0     7852 2938       4       java.lang.ClassLoader::loadClass (7 bytes)

VM state:at safepoint (normal execution)

VM Mutex/Monitor currently owned by a thread:  ([mutex/lock_event])
[0x0000018851cc1220] Threads_lock - owner thread: 0x000001886a950800
[0x0000018851cc1970] Heap_lock - owner thread: 0x0000018851cc6000

Heap address: 0x00000000a8200000, size: 1406 MB, Compressed Oops mode: 32-bit
Narrow klass base: 0x0000000000000000, Narrow klass shift: 3
Compressed class space size: 1073741824 Address: 0x0000000100000000

Heap:
 garbage-first heap   total 108544K, used 24126K [0x00000000a8200000, 0x0000000100000000)
  region size 1024K, 4 young (4096K), 4 survivors (4096K)
 Metaspace       used 43359K, capacity 43825K, committed 43984K, reserved 1099776K
  class space    used 5129K, capacity 5318K, committed 5372K, reserved 1048576K
Heap Regions: E=young(eden), S=young(survivor), O=old, HS=humongous(starts), HC=humongous(continues), CS=collection set, F=free, A=archive, TAMS=top-at-mark-start (previous, next)
|   0|0x00000000a8200000, 0x00000000a8300000, 0x00000000a8300000|100%|HS|  |TAMS 0x00000000a8300000, 0x00000000a8300000| Complete 
|   1|0x00000000a8300000, 0x00000000a8400000, 0x00000000a8400000|100%|HC|  |TAMS 0x00000000a8400000, 0x00000000a8400000| Complete 
|   2|0x00000000a8400000, 0x00000000a8500000, 0x00000000a8500000|100%|HC|  |TAMS 0x00000000a8500000, 0x00000000a8500000| Complete 
|   3|0x00000000a8500000, 0x00000000a8600000, 0x00000000a8600000|100%| O|  |TAMS 0x00000000a8600000, 0x00000000a8600000| Untracked 
|   4|0x00000000a8600000, 0x00000000a8700000, 0x00000000a8700000|100%| O|  |TAMS 0x00000000a8700000, 0x00000000a8700000| Untracked 
|   5|0x00000000a8700000, 0x00000000a8800000, 0x00000000a8800000|100%|HS|  |TAMS 0x00000000a8800000, 0x00000000a8800000| Complete 
|   6|0x00000000a8800000, 0x00000000a8900000, 0x00000000a8900000|100%|HC|  |TAMS 0x00000000a8900000, 0x00000000a8900000| Complete 
|   7|0x00000000a8900000, 0x00000000a8a00000, 0x00000000a8a00000|100%|HC|  |TAMS 0x00000000a8a00000, 0x00000000a8a00000| Complete 
|   8|0x00000000a8a00000, 0x00000000a8b00000, 0x00000000a8b00000|100%| O|  |TAMS 0x00000000a8a00000, 0x00000000a8b00000| Untracked 
|   9|0x00000000a8b00000, 0x00000000a8c00000, 0x00000000a8c00000|100%| O|  |TAMS 0x00000000a8b00000, 0x00000000a8c00000| Untracked 
|  10|0x00000000a8c00000, 0x00000000a8d00000, 0x00000000a8d00000|100%| O|  |TAMS 0x00000000a8d00000, 0x00000000a8d00000| Untracked 
|  11|0x00000000a8d00000, 0x00000000a8e00000, 0x00000000a8e00000|100%| O|  |TAMS 0x00000000a8e00000, 0x00000000a8e00000| Untracked 
|  12|0x00000000a8e00000, 0x00000000a8f00000, 0x00000000a8f00000|100%| O|  |TAMS 0x00000000a8f00000, 0x00000000a8f00000| Untracked 
|  13|0x00000000a8f00000, 0x00000000a9000000, 0x00000000a9000000|100%| O|  |TAMS 0x00000000a9000000, 0x00000000a9000000| Untracked 
|  14|0x00000000a9000000, 0x00000000a9100000, 0x00000000a9100000|100%| O|  |TAMS 0x00000000a9100000, 0x00000000a9100000| Untracked 
|  15|0x00000000a9100000, 0x00000000a9200000, 0x00000000a9200000|100%| O|  |TAMS 0x00000000a9200000, 0x00000000a9200000| Untracked 
|  16|0x00000000a9200000, 0x00000000a9300000, 0x00000000a9300000|100%| O|  |TAMS 0x00000000a9300000, 0x00000000a9300000| Untracked 
|  17|0x00000000a9300000, 0x00000000a9400000, 0x00000000a9400000|100%| O|  |TAMS 0x00000000a9400000, 0x00000000a9400000| Untracked 
|  18|0x00000000a9400000, 0x00000000a9500000, 0x00000000a9500000|100%| O|  |TAMS 0x00000000a9500000, 0x00000000a9500000| Untracked 
|  19|0x00000000a9500000, 0x00000000a9600000, 0x00000000a9600000|100%| O|  |TAMS 0x00000000a95c4c00, 0x00000000a9600000| Untracked 
|  20|0x00000000a9600000, 0x00000000a9621800, 0x00000000a9700000| 13%| O|  |TAMS 0x00000000a9600000, 0x00000000a9621800| Untracked 
|  21|0x00000000a9700000, 0x00000000a9700000, 0x00000000a9800000|  0%| F|  |TAMS 0x00000000a9700000, 0x00000000a9700000| Untracked 
|  22|0x00000000a9800000, 0x00000000a9800000, 0x00000000a9900000|  0%| F|  |TAMS 0x00000000a9800000, 0x00000000a9800000| Untracked 
|  23|0x00000000a9900000, 0x00000000a9900000, 0x00000000a9a00000|  0%| F|  |TAMS 0x00000000a9900000, 0x00000000a9900000| Untracked 
|  24|0x00000000a9a00000, 0x00000000a9a00000, 0x00000000a9b00000|  0%| F|  |TAMS 0x00000000a9a00000, 0x00000000a9a00000| Untracked 
|  25|0x00000000a9b00000, 0x00000000a9b00000, 0x00000000a9c00000|  0%| F|  |TAMS 0x00000000a9b00000, 0x00000000a9b00000| Untracked 
|  26|0x00000000a9c00000, 0x00000000a9c00000, 0x00000000a9d00000|  0%| F|  |TAMS 0x00000000a9c00000, 0x00000000a9c00000| Untracked 
|  27|0x00000000a9d00000, 0x00000000a9d00000, 0x00000000a9e00000|  0%| F|  |TAMS 0x00000000a9d00000, 0x00000000a9d00000| Untracked 
|  28|0x00000000a9e00000, 0x00000000a9e00000, 0x00000000a9f00000|  0%| F|  |TAMS 0x00000000a9e00000, 0x00000000a9e00000| Untracked 
|  29|0x00000000a9f00000, 0x00000000a9f00000, 0x00000000aa000000|  0%| F|  |TAMS 0x00000000a9f00000, 0x00000000a9f00000| Untracked 
|  30|0x00000000aa000000, 0x00000000aa000000, 0x00000000aa100000|  0%| F|  |TAMS 0x00000000aa000000, 0x00000000aa000000| Untracked 
|  31|0x00000000aa100000, 0x00000000aa100000, 0x00000000aa200000|  0%| F|  |TAMS 0x00000000aa100000, 0x00000000aa100000| Untracked 
|  32|0x00000000aa200000, 0x00000000aa200000, 0x00000000aa300000|  0%| F|  |TAMS 0x00000000aa200000, 0x00000000aa200000| Untracked 
|  33|0x00000000aa300000, 0x00000000aa300000, 0x00000000aa400000|  0%| F|  |TAMS 0x00000000aa300000, 0x00000000aa300000| Untracked 
|  34|0x00000000aa400000, 0x00000000aa400000, 0x00000000aa500000|  0%| F|  |TAMS 0x00000000aa400000, 0x00000000aa400000| Untracked 
|  35|0x00000000aa500000, 0x00000000aa500000, 0x00000000aa600000|  0%| F|  |TAMS 0x00000000aa500000, 0x00000000aa500000| Untracked 
|  36|0x00000000aa600000, 0x00000000aa600000, 0x00000000aa700000|  0%| F|  |TAMS 0x00000000aa600000, 0x00000000aa600000| Untracked 
|  37|0x00000000aa700000, 0x00000000aa700000, 0x00000000aa800000|  0%| F|  |TAMS 0x00000000aa700000, 0x00000000aa700000| Untracked 
|  38|0x00000000aa800000, 0x00000000aa800000, 0x00000000aa900000|  0%| F|  |TAMS 0x00000000aa800000, 0x00000000aa800000| Untracked 
|  39|0x00000000aa900000, 0x00000000aa900000, 0x00000000aaa00000|  0%| F|  |TAMS 0x00000000aa900000, 0x00000000aa900000| Untracked 
|  40|0x00000000aaa00000, 0x00000000aaa00000, 0x00000000aab00000|  0%| F|  |TAMS 0x00000000aaa00000, 0x00000000aaa00000| Untracked 
|  41|0x00000000aab00000, 0x00000000aab00000, 0x00000000aac00000|  0%| F|  |TAMS 0x00000000aab00000, 0x00000000aab00000| Untracked 
|  42|0x00000000aac00000, 0x00000000aac00000, 0x00000000aad00000|  0%| F|  |TAMS 0x00000000aac00000, 0x00000000aac00000| Untracked 
|  43|0x00000000aad00000, 0x00000000aad00000, 0x00000000aae00000|  0%| F|  |TAMS 0x00000000aad00000, 0x00000000aad00000| Untracked 
|  44|0x00000000aae00000, 0x00000000aae00000, 0x00000000aaf00000|  0%| F|  |TAMS 0x00000000aae00000, 0x00000000aae00000| Untracked 
|  45|0x00000000aaf00000, 0x00000000aaf00000, 0x00000000ab000000|  0%| F|  |TAMS 0x00000000aaf00000, 0x00000000aaf00000| Untracked 
|  46|0x00000000ab000000, 0x00000000ab000000, 0x00000000ab100000|  0%| F|  |TAMS 0x00000000ab000000, 0x00000000ab000000| Untracked 
|  47|0x00000000ab100000, 0x00000000ab100000, 0x00000000ab200000|  0%| F|  |TAMS 0x00000000ab100000, 0x00000000ab100000| Untracked 
|  48|0x00000000ab200000, 0x00000000ab200000, 0x00000000ab300000|  0%| F|  |TAMS 0x00000000ab200000, 0x00000000ab200000| Untracked 
|  49|0x00000000ab300000, 0x00000000ab300000, 0x00000000ab400000|  0%| F|  |TAMS 0x00000000ab300000, 0x00000000ab300000| Untracked 
|  50|0x00000000ab400000, 0x00000000ab400000, 0x00000000ab500000|  0%| F|  |TAMS 0x00000000ab400000, 0x00000000ab400000| Untracked 
|  51|0x00000000ab500000, 0x00000000ab500000, 0x00000000ab600000|  0%| F|  |TAMS 0x00000000ab500000, 0x00000000ab500000| Untracked 
|  52|0x00000000ab600000, 0x00000000ab600000, 0x00000000ab700000|  0%| F|  |TAMS 0x00000000ab600000, 0x00000000ab600000| Untracked 
|  53|0x00000000ab700000, 0x00000000ab700000, 0x00000000ab800000|  0%| F|  |TAMS 0x00000000ab700000, 0x00000000ab700000| Untracked 
|  54|0x00000000ab800000, 0x00000000ab800000, 0x00000000ab900000|  0%| F|  |TAMS 0x00000000ab800000, 0x00000000ab800000| Untracked 
|  55|0x00000000ab900000, 0x00000000ab900000, 0x00000000aba00000|  0%| F|  |TAMS 0x00000000ab900000, 0x00000000ab900000| Untracked 
|  56|0x00000000aba00000, 0x00000000aba00000, 0x00000000abb00000|  0%| F|  |TAMS 0x00000000aba00000, 0x00000000aba00000| Untracked 
|  57|0x00000000abb00000, 0x00000000abb00000, 0x00000000abc00000|  0%| F|  |TAMS 0x00000000abb00000, 0x00000000abb00000| Untracked 
|  58|0x00000000abc00000, 0x00000000abc00000, 0x00000000abd00000|  0%| F|  |TAMS 0x00000000abc00000, 0x00000000abc00000| Untracked 
|  59|0x00000000abd00000, 0x00000000abd00000, 0x00000000abe00000|  0%| F|  |TAMS 0x00000000abd00000, 0x00000000abd00000| Untracked 
|  60|0x00000000abe00000, 0x00000000abe00000, 0x00000000abf00000|  0%| F|  |TAMS 0x00000000abe00000, 0x00000000abe00000| Untracked 
|  61|0x00000000abf00000, 0x00000000abf00000, 0x00000000ac000000|  0%| F|  |TAMS 0x00000000abf00000, 0x00000000abf00000| Untracked 
|  62|0x00000000ac000000, 0x00000000ac000000, 0x00000000ac100000|  0%| F|  |TAMS 0x00000000ac000000, 0x00000000ac000000| Untracked 
|  63|0x00000000ac100000, 0x00000000ac100000, 0x00000000ac200000|  0%| F|  |TAMS 0x00000000ac100000, 0x00000000ac100000| Untracked 
|  64|0x00000000ac200000, 0x00000000ac200000, 0x00000000ac300000|  0%| F|  |TAMS 0x00000000ac200000, 0x00000000ac200000| Untracked 
|  65|0x00000000ac300000, 0x00000000ac300000, 0x00000000ac400000|  0%| F|  |TAMS 0x00000000ac300000, 0x00000000ac300000| Untracked 
|  66|0x00000000ac400000, 0x00000000ac400000, 0x00000000ac500000|  0%| F|  |TAMS 0x00000000ac400000, 0x00000000ac400000| Untracked 
|  67|0x00000000ac500000, 0x00000000ac500000, 0x00000000ac600000|  0%| F|  |TAMS 0x00000000ac500000, 0x00000000ac500000| Untracked 
|  68|0x00000000ac600000, 0x00000000ac600000, 0x00000000ac700000|  0%| F|  |TAMS 0x00000000ac600000, 0x00000000ac600000| Untracked 
|  69|0x00000000ac700000, 0x00000000ac700000, 0x00000000ac800000|  0%| F|  |TAMS 0x00000000ac700000, 0x00000000ac700000| Untracked 
|  70|0x00000000ac800000, 0x00000000ac800000, 0x00000000ac900000|  0%| F|  |TAMS 0x00000000ac800000, 0x00000000ac800000| Untracked 
|  71|0x00000000ac900000, 0x00000000ac900000, 0x00000000aca00000|  0%| F|  |TAMS 0x00000000ac900000, 0x00000000ac900000| Untracked 
|  72|0x00000000aca00000, 0x00000000aca00000, 0x00000000acb00000|  0%| F|  |TAMS 0x00000000aca00000, 0x00000000aca00000| Untracked 
|  73|0x00000000acb00000, 0x00000000acb00000, 0x00000000acc00000|  0%| F|  |TAMS 0x00000000acb00000, 0x00000000acb00000| Untracked 
|  74|0x00000000acc00000, 0x00000000acc00000, 0x00000000acd00000|  0%| F|  |TAMS 0x00000000acc00000, 0x00000000acc00000| Untracked 
|  75|0x00000000acd00000, 0x00000000acd00000, 0x00000000ace00000|  0%| F|  |TAMS 0x00000000acd00000, 0x00000000acd00000| Untracked 
|  76|0x00000000ace00000, 0x00000000ace00000, 0x00000000acf00000|  0%| F|  |TAMS 0x00000000ace00000, 0x00000000ace00000| Untracked 
|  77|0x00000000acf00000, 0x00000000acf00000, 0x00000000ad000000|  0%| F|  |TAMS 0x00000000acf00000, 0x00000000acf00000| Untracked 
|  78|0x00000000ad000000, 0x00000000ad000000, 0x00000000ad100000|  0%| F|  |TAMS 0x00000000ad000000, 0x00000000ad000000| Untracked 
|  79|0x00000000ad100000, 0x00000000ad100000, 0x00000000ad200000|  0%| F|  |TAMS 0x00000000ad100000, 0x00000000ad100000| Untracked 
|  80|0x00000000ad200000, 0x00000000ad200000, 0x00000000ad300000|  0%| F|  |TAMS 0x00000000ad200000, 0x00000000ad200000| Untracked 
|  81|0x00000000ad300000, 0x00000000ad300000, 0x00000000ad400000|  0%| F|  |TAMS 0x00000000ad300000, 0x00000000ad300000| Untracked 
|  82|0x00000000ad400000, 0x00000000ad400000, 0x00000000ad500000|  0%| F|  |TAMS 0x00000000ad400000, 0x00000000ad400000| Untracked 
|  83|0x00000000ad500000, 0x00000000ad500000, 0x00000000ad600000|  0%| F|  |TAMS 0x00000000ad500000, 0x00000000ad500000| Untracked 
|  84|0x00000000ad600000, 0x00000000ad600000, 0x00000000ad700000|  0%| F|  |TAMS 0x00000000ad600000, 0x00000000ad600000| Untracked 
|  85|0x00000000ad700000, 0x00000000ad700000, 0x00000000ad800000|  0%| F|  |TAMS 0x00000000ad700000, 0x00000000ad700000| Untracked 
|  86|0x00000000ad800000, 0x00000000ad800000, 0x00000000ad900000|  0%| F|  |TAMS 0x00000000ad800000, 0x00000000ad800000| Untracked 
|  87|0x00000000ad900000, 0x00000000ad900000, 0x00000000ada00000|  0%| F|  |TAMS 0x00000000ad900000, 0x00000000ad900000| Untracked 
|  88|0x00000000ada00000, 0x00000000ada00000, 0x00000000adb00000|  0%| F|  |TAMS 0x00000000ada00000, 0x00000000ada00000| Untracked 
|  89|0x00000000adb00000, 0x00000000adb00000, 0x00000000adc00000|  0%| F|  |TAMS 0x00000000adb00000, 0x00000000adb00000| Untracked 
|  90|0x00000000adc00000, 0x00000000adc00000, 0x00000000add00000|  0%| F|  |TAMS 0x00000000adc00000, 0x00000000adc00000| Untracked 
|  91|0x00000000add00000, 0x00000000add00000, 0x00000000ade00000|  0%| F|  |TAMS 0x00000000add00000, 0x00000000add00000| Untracked 
|  92|0x00000000ade00000, 0x00000000ade00000, 0x00000000adf00000|  0%| F|  |TAMS 0x00000000ade00000, 0x00000000ade00000| Untracked 
|  93|0x00000000adf00000, 0x00000000adf00000, 0x00000000ae000000|  0%| F|  |TAMS 0x00000000adf00000, 0x00000000adf00000| Untracked 
|  94|0x00000000ae000000, 0x00000000ae000000, 0x00000000ae100000|  0%| F|  |TAMS 0x00000000ae000000, 0x00000000ae000000| Untracked 
|  95|0x00000000ae100000, 0x00000000ae100000, 0x00000000ae200000|  0%| F|  |TAMS 0x00000000ae100000, 0x00000000ae100000| Untracked 
|  96|0x00000000ae200000, 0x00000000ae200000, 0x00000000ae300000|  0%| F|  |TAMS 0x00000000ae200000, 0x00000000ae200000| Untracked 
|  97|0x00000000ae300000, 0x00000000ae300000, 0x00000000ae400000|  0%| F|  |TAMS 0x00000000ae300000, 0x00000000ae300000| Untracked 
|  98|0x00000000ae400000, 0x00000000ae400000, 0x00000000ae500000|  0%| F|  |TAMS 0x00000000ae400000, 0x00000000ae400000| Untracked 
|  99|0x00000000ae500000, 0x00000000ae56e038, 0x00000000ae600000| 42%| S|CS|TAMS 0x00000000ae500000, 0x00000000ae500000| Complete 
| 100|0x00000000ae600000, 0x00000000ae700000, 0x00000000ae700000|100%| S|CS|TAMS 0x00000000ae600000, 0x00000000ae600000| Complete 
| 101|0x00000000ae700000, 0x00000000ae800000, 0x00000000ae800000|100%| S|CS|TAMS 0x00000000ae700000, 0x00000000ae700000| Complete 
| 102|0x00000000ae800000, 0x00000000ae900000, 0x00000000ae900000|100%| S|CS|TAMS 0x00000000ae800000, 0x00000000ae800000| Complete 
| 103|0x00000000ae900000, 0x00000000ae900000, 0x00000000aea00000|  0%| F|  |TAMS 0x00000000ae900000, 0x00000000ae900000| Untracked 
| 104|0x00000000aea00000, 0x00000000aea00000, 0x00000000aeb00000|  0%| F|  |TAMS 0x00000000aea00000, 0x00000000aea00000| Untracked 
| 105|0x00000000aeb00000, 0x00000000aeb00000, 0x00000000aec00000|  0%| F|  |TAMS 0x00000000aeb00000, 0x00000000aeb00000| Untracked 

Card table byte_map: [0x0000018864de0000,0x00000188650a0000] _byte_map_base: 0x000001886489f000

Marking Bits (Prev, Next): (CMBitMap*) 0x0000018851cfcf38, (CMBitMap*) 0x0000018851cfcf70
 Prev Bits: [0x0000018865360000, 0x0000018866958000)
 Next Bits: [0x0000018866960000, 0x0000018867f58000)

Polling page: 0x000001884fbe0000

Metaspace:

Usage:
  Non-class:     37.60 MB capacity,    37.33 MB (>99%) used,   215.78 KB ( <1%) free+waste,    60.75 KB ( <1%) overhead. 
      Class:      5.19 MB capacity,     5.01 MB ( 96%) used,   162.01 KB (  3%) free+waste,    26.75 KB ( <1%) overhead. 
       Both:     42.80 MB capacity,    42.34 MB ( 99%) used,   377.79 KB ( <1%) free+waste,    87.50 KB ( <1%) overhead. 

Virtual space:
  Non-class space:       50.00 MB reserved,      37.71 MB ( 75%) committed 
      Class space:        1.00 GB reserved,       5.25 MB ( <1%) committed 
             Both:        1.05 GB reserved,      42.95 MB (  4%) committed 

Chunk freelists:
   Non-Class:  105.00 KB
       Class:  26.00 KB
        Both:  131.00 KB

MaxMetaspaceSize: 17179869184.00 GB
CompressedClassSpaceSize: 1.00 GB
Initial GC threshold: 20.80 MB
Current GC threshold: 59.41 MB
CDS: off

CodeHeap 'non-profiled nmethods': size=120000Kb used=1206Kb max_used=1206Kb free=118793Kb
 bounds [0x000001885d2c0000, 0x000001885d530000, 0x00000188647f0000]
CodeHeap 'profiled nmethods': size=120000Kb used=6351Kb max_used=6351Kb free=113648Kb
 bounds [0x0000018855d90000, 0x00000188563d0000, 0x000001885d2c0000]
CodeHeap 'non-nmethods': size=5760Kb used=1266Kb max_used=1291Kb free=4493Kb
 bounds [0x00000188557f0000, 0x0000018855a60000, 0x0000018855d90000]
 total_blobs=3571 nmethods=3028 adapters=455
 compilation: enabled
              stopped_count=0, restarted_count=0
 full_count=0

Compilation events (20 events):
Event: 7.565 Thread 0x000001886a9a2800 2937       3       sun.misc.Unsafe::compareAndSwapObject (13 bytes)
Event: 7.565 Thread 0x000001886a9a2800 nmethod 2937 0x000001885639c610 code [0x000001885639c7c0, 0x000001885639c918]
Event: 7.565 Thread 0x000001886a9a2800 2939       3       java.lang.ClassLoader::checkName (37 bytes)
Event: 7.565 Thread 0x000001886a99b800 nmethod 2935 0x000001885d3e9590 code [0x000001885d3e9720, 0x000001885d3e9918]
Event: 7.565 Thread 0x000001886a99b800 2938       4       java.lang.ClassLoader::loadClass (7 bytes)
Event: 7.566 Thread 0x000001886a9a2800 nmethod 2939 0x000001885639c990 code [0x000001885639cc00, 0x000001885639d598]
Event: 7.570 Thread 0x000001886a9a2800 2940       3       java.lang.invoke.TypeConvertingMethodAdapter::cast (42 bytes)
Event: 7.570 Thread 0x000001886a9a2800 nmethod 2940 0x000001885639d910 code [0x000001885639db20, 0x000001885639df88]
Event: 7.592 Thread 0x000001886a9a2800 2941       3       java.lang.invoke.MemberName::<init> (131 bytes)
Event: 7.593 Thread 0x000001886a9a2800 nmethod 2941 0x000001885639e110 code [0x000001885639e460, 0x000001885639f858]
Event: 7.602 Thread 0x000001886a9a2800 2943       3       java.lang.StringUTF16::length (5 bytes)
Event: 7.602 Thread 0x000001886a9a2800 nmethod 2943 0x000001885639fe10 code [0x000001885639ffc0, 0x00000188563a00b8]
Event: 7.602 Thread 0x000001886a9a2800 2944       3       java.lang.StringUTF16::checkIndex (9 bytes)
Event: 7.602 Thread 0x000001886a9a2800 nmethod 2944 0x00000188563a0190 code [0x00000188563a0360, 0x00000188563a04c8]
Event: 7.602 Thread 0x000001886a9a2800 2945       3       java.lang.StringUTF16::charAt (11 bytes)
Event: 7.603 Thread 0x000001886a9a2800 nmethod 2945 0x00000188563a0610 code [0x00000188563a07e0, 0x00000188563a09c8]
Event: 7.603 Thread 0x000001886a9a2800 2946       3       java.lang.String::concat (115 bytes)
Event: 7.604 Thread 0x000001886a9a2800 nmethod 2946 0x00000188563a0b10 code [0x00000188563a0da0, 0x00000188563a1a28]
Event: 7.605 Thread 0x000001886a9a2800 2947   !   3       java.util.zip.ZipFile::getEntry (73 bytes)
Event: 7.605 Thread 0x000001886a9a2800 nmethod 2947 0x00000188563a1e90 code [0x00000188563a20a0, 0x00000188563a26e8]

GC Heap History (10 events):
Event: 0.837 GC heap before
{Heap before GC invocations=0 (full 0):
 garbage-first heap   total 90112K, used 27648K [0x00000000a8200000, 0x0000000100000000)
  region size 1024K, 24 young (24576K), 0 survivors (0K)
 Metaspace       used 12201K, capacity 12286K, committed 12416K, reserved 1060864K
  class space    used 1090K, capacity 1113K, committed 1152K, reserved 1048576K
}
Event: 0.844 GC heap after
{Heap after GC invocations=1 (full 0):
 garbage-first heap   total 90112K, used 6172K [0x00000000a8200000, 0x0000000100000000)
  region size 1024K, 3 young (3072K), 3 survivors (3072K)
 Metaspace       used 12201K, capacity 12286K, committed 12416K, reserved 1060864K
  class space    used 1090K, capacity 1113K, committed 1152K, reserved 1048576K
}
Event: 2.251 GC heap before
{Heap before GC invocations=1 (full 0):
 garbage-first heap   total 90112K, used 43036K [0x00000000a8200000, 0x0000000100000000)
  region size 1024K, 40 young (40960K), 3 survivors (3072K)
 Metaspace       used 20972K, capacity 21158K, committed 21248K, reserved 1069056K
  class space    used 2205K, capacity 2272K, committed 2304K, reserved 1048576K
}
Event: 2.270 GC heap after
{Heap after GC invocations=2 (full 0):
 garbage-first heap   total 90112K, used 9663K [0x00000000a8200000, 0x0000000100000000)
  region size 1024K, 7 young (7168K), 7 survivors (7168K)
 Metaspace       used 20972K, capacity 21158K, committed 21248K, reserved 1069056K
  class space    used 2205K, capacity 2272K, committed 2304K, reserved 1048576K
}
Event: 5.846 GC heap before
{Heap before GC invocations=3 (full 0):
 garbage-first heap   total 90112K, used 56767K [0x00000000a8200000, 0x0000000100000000)
  region size 1024K, 48 young (49152K), 7 survivors (7168K)
 Metaspace       used 30725K, capacity 31104K, committed 31228K, reserved 1077248K
  class space    used 3627K, capacity 3793K, committed 3836K, reserved 1048576K
}
Event: 5.872 GC heap after
{Heap after GC invocations=4 (full 0):
 garbage-first heap   total 90112K, used 20840K [0x00000000a8200000, 0x0000000100000000)
  region size 1024K, 6 young (6144K), 6 survivors (6144K)
 Metaspace       used 30725K, capacity 31104K, committed 31228K, reserved 1077248K
  class space    used 3627K, capacity 3793K, committed 3836K, reserved 1048576K
}
Event: 6.513 GC heap before
{Heap before GC invocations=4 (full 0):
 garbage-first heap   total 90112K, used 42344K [0x00000000a8200000, 0x0000000100000000)
  region size 1024K, 28 young (28672K), 6 survivors (6144K)
 Metaspace       used 35532K, capacity 35957K, committed 36048K, reserved 1081344K
  class space    used 4367K, capacity 4535K, committed 4604K, reserved 1048576K
}
Event: 6.528 GC heap after
{Heap after GC invocations=5 (full 0):
 garbage-first heap   total 90112K, used 20755K [0x00000000a8200000, 0x0000000100000000)
  region size 1024K, 3 young (3072K), 3 survivors (3072K)
 Metaspace       used 35532K, capacity 35957K, committed 36048K, reserved 1081344K
  class space    used 4367K, capacity 4535K, committed 4604K, reserved 1048576K
}
Event: 7.576 GC heap before
{Heap before GC invocations=6 (full 0):
 garbage-first heap   total 90112K, used 55571K [0x00000000a8200000, 0x0000000100000000)
  region size 1024K, 37 young (37888K), 3 survivors (3072K)
 Metaspace       used 42188K, capacity 42655K, committed 42832K, reserved 1087488K
  class space    used 5019K, capacity 5186K, committed 5244K, reserved 1048576K
}
Event: 7.587 GC heap after
{Heap after GC invocations=7 (full 0):
 garbage-first heap   total 108544K, used 23552K [0x00000000a8200000, 0x0000000100000000)
  region size 1024K, 5 young (5120K), 5 survivors (5120K)
 Metaspace       used 42188K, capacity 42655K, committed 42832K, reserved 1087488K
  class space    used 5019K, capacity 5186K, committed 5244K, reserved 1048576K
}

Deoptimization events (20 events):
Event: 7.550 Thread 0x0000018851cc6000 Uncommon trap: trap_request=0xffffff4d fr.pc=0x000001885d2f6bec relative=0x0000000000000c4c
Event: 7.550 Thread 0x0000018851cc6000 Uncommon trap: reason=unstable_if action=reinterpret pc=0x000001885d2f6bec method=java.lang.StringCoding.encodeUTF8(B[BZ)[B @ 2 c2
Event: 7.550 Thread 0x0000018851cc6000 DEOPT PACKING pc=0x000001885d2f6bec sp=0x00000030d37f5c80
Event: 7.550 Thread 0x0000018851cc6000 DEOPT UNPACKING pc=0x00000188557f85af sp=0x00000030d37f5a70 mode 2
Event: 7.550 Thread 0x0000018851cc6000 Uncommon trap: trap_request=0xffffff4d fr.pc=0x000001885d3d15b0 relative=0x0000000000000270
Event: 7.550 Thread 0x0000018851cc6000 Uncommon trap: reason=unstable_if action=reinterpret pc=0x000001885d3d15b0 method=sun.net.www.ParseUtil.firstEncodeIndex(Ljava/lang/String;)I @ 27 c2
Event: 7.550 Thread 0x0000018851cc6000 DEOPT PACKING pc=0x000001885d3d15b0 sp=0x00000030d37f5dc0
Event: 7.550 Thread 0x0000018851cc6000 DEOPT UNPACKING pc=0x00000188557f85af sp=0x00000030d37f5be8 mode 2
Event: 7.550 Thread 0x0000018851cc6000 Uncommon trap: trap_request=0xffffff4d fr.pc=0x000001885d38b238 relative=0x0000000000000198
Event: 7.550 Thread 0x0000018851cc6000 Uncommon trap: reason=unstable_if action=reinterpret pc=0x000001885d38b238 method=java.lang.String.indexOf(II)I @ 4 c2
Event: 7.550 Thread 0x0000018851cc6000 DEOPT PACKING pc=0x000001885d38b238 sp=0x00000030d37f5a50
Event: 7.550 Thread 0x0000018851cc6000 DEOPT UNPACKING pc=0x00000188557f85af sp=0x00000030d37f5a00 mode 2
Event: 7.550 Thread 0x0000018851cc6000 Uncommon trap: trap_request=0xffffff4d fr.pc=0x000001885d391034 relative=0x0000000000000194
Event: 7.550 Thread 0x0000018851cc6000 Uncommon trap: reason=unstable_if action=reinterpret pc=0x000001885d391034 method=java.lang.String.startsWith(Ljava/lang/String;I)Z @ 46 c2
Event: 7.550 Thread 0x0000018851cc6000 DEOPT PACKING pc=0x000001885d391034 sp=0x00000030d37f5b50
Event: 7.550 Thread 0x0000018851cc6000 DEOPT UNPACKING pc=0x00000188557f85af sp=0x00000030d37f5ab8 mode 2
Event: 7.550 Thread 0x0000018851cc6000 Uncommon trap: trap_request=0xffffff4d fr.pc=0x000001885d3d99a4 relative=0x0000000000000644
Event: 7.550 Thread 0x0000018851cc6000 Uncommon trap: reason=unstable_if action=reinterpret pc=0x000001885d3d99a4 method=java.lang.String.lastIndexOf(II)I @ 4 c2
Event: 7.550 Thread 0x0000018851cc6000 DEOPT PACKING pc=0x000001885d3d99a4 sp=0x00000030d37f5bc0
Event: 7.550 Thread 0x0000018851cc6000 DEOPT UNPACKING pc=0x00000188557f85af sp=0x00000030d37f5ab0 mode 2

Classes redefined (0 events):
No events

Internal exceptions (20 events):
Event: 1.585 Thread 0x0000018851cc6000 Exception <a 'java/lang/NoSuchMethodError'{0x00000000ac3fe9f8}: 'long java.lang.invoke.DelegatingMethodHandle$Holder.reinvoke_L(java.lang.Object, java.lang.Object, java.lang.Object)'> (0x00000000ac3fe9f8) thrown at [src/hotspot/share/interpreter/linkResolver.cpp, line 773]
Event: 1.587 Thread 0x0000018851cc6000 Exception <a 'java/lang/NoSuchMethodError'{0x00000000ac208b98}: 'int java.lang.invoke.DirectMethodHandle$Holder.invokeSpecial(java.lang.Object, java.lang.Object, java.lang.Object, java.lang.Object)'> (0x00000000ac208b98) thrown at [src/hotspot/share/interpreter/linkResolver.cpp, line 773]
Event: 1.589 Thread 0x0000018851cc6000 Exception <a 'java/lang/NoSuchMethodError'{0x00000000ac217978}: 'int java.lang.invoke.DelegatingMethodHandle$Holder.reinvoke_L(java.lang.Object, java.lang.Object, java.lang.Object, long, int)'> (0x00000000ac217978) thrown at [src/hotspot/share/interpreter/linkResolver.cpp, line 773]
Event: 1.787 Thread 0x0000018851cc6000 Exception <a 'java/lang/NoSuchMethodError'{0x00000000abb73ab0}: 'int java.lang.invoke.DirectMethodHandle$Holder.invokeSpecialIFC(java.lang.Object, java.lang.Object, int)'> (0x00000000abb73ab0) thrown at [src/hotspot/share/interpreter/linkResolver.cpp, line 773]
Event: 2.199 Thread 0x0000018851cc6000 Exception <a 'java/lang/NoSuchMethodError'{0x00000000ab4bbf10}: 'java.lang.Object java.lang.invoke.DirectMethodHandle$Holder.invokeStaticInit(java.lang.Object, int)'> (0x00000000ab4bbf10) thrown at [src/hotspot/share/interpreter/linkResolver.cpp, line 773]
Event: 2.277 Thread 0x0000018851cc6000 Exception <a 'java/lang/NoSuchMethodError'{0x00000000ad90d6a8}: 'long java.lang.invoke.DirectMethodHandle$Holder.invokeStatic(java.lang.Object)'> (0x00000000ad90d6a8) thrown at [src/hotspot/share/interpreter/linkResolver.cpp, line 773]
Event: 2.278 Thread 0x0000018851cc6000 Exception <a 'java/lang/NoSuchMethodError'{0x00000000ad910500}: 'long java.lang.invoke.DirectMethodHandle$Holder.invokeStaticInit(java.lang.Object)'> (0x00000000ad910500) thrown at [src/hotspot/share/interpreter/linkResolver.cpp, line 773]
Event: 2.525 Thread 0x0000018851cc6000 Exception <a 'java/lang/NoSuchMethodError'{0x00000000ad6fef48}: 'int java.lang.invoke.DirectMethodHandle$Holder.invokeStaticInit(java.lang.Object, java.lang.Object, java.lang.Object)'> (0x00000000ad6fef48) thrown at [src/hotspot/share/interpreter/linkResolver.cpp, line 773]
Event: 2.535 Thread 0x0000018851cc6000 Exception <a 'java/lang/NoSuchMethodError'{0x00000000ad52ad50}: 'int java.lang.invoke.DirectMethodHandle$Holder.invokeStaticInit(java.lang.Object, java.lang.Object)'> (0x00000000ad52ad50) thrown at [src/hotspot/share/interpreter/linkResolver.cpp, line 773]
Event: 2.716 Thread 0x0000018851cc6000 Exception <a 'java/lang/NoSuchMethodError'{0x00000000ad33e0a0}: 'void java.lang.invoke.DirectMethodHandle$Holder.invokeSpecial(java.lang.Object, java.lang.Object)'> (0x00000000ad33e0a0) thrown at [src/hotspot/share/interpreter/linkResolver.cpp, line 773]
Event: 3.218 Thread 0x0000018851cc6000 Exception <a 'java/lang/NoSuchMethodError'{0x00000000acbda828}: 'java.lang.Object java.lang.invoke.DirectMethodHandle$Holder.invokeStatic(java.lang.Object, java.lang.Object, java.lang.Object, java.lang.Object, java.lang.Object, java.lang.Object, java.lang.Object, java.lang.Object, java.lang.Object, java.lang.Object, java.lang.Object, java.lang.Object, java.lang.Object, java.lang.Object, java.lang.Object)'> (0x00000000acbda828) thrown at [src/hotspot/share/interpreter/linkResolver.cpp, line 773]
Event: 3.220 Thread 0x0000018851cc6000 Exception <a 'java/lang/NoSuchMethodError'{0x00000000acbe8830}: 'java.lang.Object java.lang.invoke.DirectMethodHandle$Holder.invokeStatic(java.lang.Object, java.lang.Object, java.lang.Object, java.lang.Object, java.lang.Object, java.lang.Object, java.lang.Object, java.lang.Object, java.lang.Object, java.lang.Object, java.lang.Object, java.lang.Object, java.lang.Object, java.lang.Object, java.lang.Object, java.lang.Object)'> (0x00000000acbe8830) thrown at [src/hotspot/share/interpreter/linkResolver.cpp, lin
Event: 3.221 Thread 0x0000018851cc6000 Exception <a 'java/lang/NoSuchMethodError'{0x00000000acbf6748}: 'java.lang.Object java.lang.invoke.DirectMethodHandle$Holder.invokeSpecial(java.lang.Object, java.lang.Object, int, int, java.lang.Object, java.lang.Object, java.lang.Object)'> (0x00000000acbf6748) thrown at [src/hotspot/share/interpreter/linkResolver.cpp, line 773]
Event: 3.222 Thread 0x0000018851cc6000 Exception <a 'java/lang/NoSuchMethodError'{0x00000000acbf9f80}: 'java.lang.Object java.lang.invoke.DelegatingMethodHandle$Holder.reinvoke_L(java.lang.Object, int, int, java.lang.Object, java.lang.Object, java.lang.Object)'> (0x00000000acbf9f80) thrown at [src/hotspot/share/interpreter/linkResolver.cpp, line 773]
Event: 3.223 Thread 0x0000018851cc6000 Exception <a 'java/lang/NoSuchMethodError'{0x00000000acbfe308}: 'java.lang.Object java.lang.invoke.DirectMethodHandle$Holder.invokeStatic(java.lang.Object, java.lang.Object, java.lang.Object, java.lang.Object, int)'> (0x00000000acbfe308) thrown at [src/hotspot/share/interpreter/linkResolver.cpp, line 773]
Event: 3.392 Thread 0x0000018851cc6000 Exception <a 'java/lang/NoSuchMethodError'{0x00000000ac923d00}: 'void java.lang.invoke.DirectMethodHandle$Holder.invokeStatic(java.lang.Object, java.lang.Object, java.lang.Object, java.lang.Object)'> (0x00000000ac923d00) thrown at [src/hotspot/share/interpreter/linkResolver.cpp, line 773]
Event: 3.987 Thread 0x0000018851cc6000 Exception <a 'java/lang/NoSuchMethodError'{0x00000000ac507268}: 'void java.lang.invoke.DirectMethodHandle$Holder.invokeStaticInit(java.lang.Object, java.lang.Object)'> (0x00000000ac507268) thrown at [src/hotspot/share/interpreter/linkResolver.cpp, line 773]
Event: 4.393 Thread 0x0000018851cc6000 Exception <a 'java/lang/NoSuchMethodError'{0x00000000ac1385b0}: 'void java.lang.invoke.DirectMethodHandle$Holder.invokeVirtual(java.lang.Object, java.lang.Object)'> (0x00000000ac1385b0) thrown at [src/hotspot/share/interpreter/linkResolver.cpp, line 773]
Event: 4.432 Thread 0x0000018851cc6000 Exception <a 'java/lang/NoSuchMethodError'{0x00000000ac1c1398}: 'int java.lang.invoke.DirectMethodHandle$Holder.invokeVirtual(java.lang.Object, java.lang.Object)'> (0x00000000ac1c1398) thrown at [src/hotspot/share/interpreter/linkResolver.cpp, line 773]
Event: 6.420 Thread 0x0000018851cc6000 Exception <a 'java/lang/NoSuchMethodError'{0x00000000ac759638}: 'java.lang.Object java.lang.invoke.DirectMethodHandle$Holder.invokeVirtual(java.lang.Object, java.lang.Object, java.lang.Object)'> (0x00000000ac759638) thrown at [src/hotspot/share/interpreter/linkResolver.cpp, line 773]

Events (20 events):
Event: 7.614 loading class org/jetbrains/kotlin/com/intellij/util/containers/IntStack
Event: 7.614 loading class org/jetbrains/kotlin/com/intellij/util/containers/IntStack done
Event: 7.614 loading class org/jetbrains/kotlin/com/intellij/lang/impl/MarkerOptionalData
Event: 7.614 loading class org/jetbrains/kotlin/com/intellij/lang/impl/MarkerOptionalData done
Event: 7.615 loading class java/util/BitSet
Event: 7.615 loading class java/util/BitSet done
Event: 7.616 loading class org/jetbrains/kotlin/it/unimi/dsi/fastutil/ints/IntOpenHashSet
Event: 7.616 loading class org/jetbrains/kotlin/it/unimi/dsi/fastutil/ints/IntOpenHashSet done
Event: 7.616 loading class org/jetbrains/kotlin/it/unimi/dsi/fastutil/ints/AbstractIntSet
Event: 7.616 loading class org/jetbrains/kotlin/it/unimi/dsi/fastutil/ints/AbstractIntSet done
Event: 7.616 loading class org/jetbrains/kotlin/it/unimi/dsi/fastutil/ints/AbstractIntCollection
Event: 7.616 loading class org/jetbrains/kotlin/it/unimi/dsi/fastutil/ints/AbstractIntCollection done
Event: 7.617 loading class org/jetbrains/kotlin/it/unimi/dsi/fastutil/ints/IntIterator
Event: 7.617 loading class org/jetbrains/kotlin/it/unimi/dsi/fastutil/ints/IntIterator done
Event: 7.618 loading class java/util/PrimitiveIterator$OfInt
Event: 7.618 loading class java/util/PrimitiveIterator
Event: 7.618 loading class java/util/PrimitiveIterator done
Event: 7.618 loading class java/util/PrimitiveIterator$OfInt done
Event: 7.618 loading class org/jetbrains/kotlin/com/intellij/lang/impl/MarkerProduction
Event: 7.618 loading class org/jetbrains/kotlin/com/intellij/lang/impl/MarkerProduction done


Dynamic libraries:
0x00007ff6a6300000 - 0x00007ff6a630a000 	C:\Program Files\Android\Android Studio\jre\bin\java.exe
0x00007ffff2ef0000 - 0x00007ffff30e8000 	C:\Windows\SYSTEM32\ntdll.dll
0x00007ffff2650000 - 0x00007ffff270f000 	C:\Windows\System32\KERNEL32.DLL
0x00007ffff0940000 - 0x00007ffff0c12000 	C:\Windows\System32\KERNELBASE.dll
0x00007ffff0c20000 - 0x00007ffff0d20000 	C:\Windows\System32\ucrtbase.dll
0x00007fffb4650000 - 0x00007fffb466b000 	C:\Program Files\Android\Android Studio\jre\bin\VCRUNTIME140.dll
0x00007fffb19e0000 - 0x00007fffb19f7000 	C:\Program Files\Android\Android Studio\jre\bin\jli.dll
0x00007ffff2820000 - 0x00007ffff29c1000 	C:\Windows\System32\USER32.dll
0x00007ffff0dc0000 - 0x00007ffff0de2000 	C:\Windows\System32\win32u.dll
0x00007ffff2e80000 - 0x00007ffff2eab000 	C:\Windows\System32\GDI32.dll
0x00007ffff06d0000 - 0x00007ffff07df000 	C:\Windows\System32\gdi32full.dll
0x00007ffff0d20000 - 0x00007ffff0dbd000 	C:\Windows\System32\msvcp_win.dll
0x00007fffd7e80000 - 0x00007fffd811a000 	C:\Windows\WinSxS\amd64_microsoft.windows.common-controls_6595b64144ccf1df_6.0.19041.1110_none_60b5254171f9507e\COMCTL32.dll
0x00007ffff1e80000 - 0x00007ffff1f1e000 	C:\Windows\System32\msvcrt.dll
0x00007ffff29d0000 - 0x00007ffff2a02000 	C:\Windows\System32\IMM32.DLL
0x00007fffb3da0000 - 0x00007fffb3dac000 	C:\Program Files\Android\Android Studio\jre\bin\vcruntime140_1.dll
0x00007fffa6d60000 - 0x00007fffa6ded000 	C:\Program Files\Android\Android Studio\jre\bin\msvcp140.dll
0x00007fff5f470000 - 0x00007fff6002c000 	C:\Program Files\Android\Android Studio\jre\bin\server\jvm.dll
0x00007ffff2710000 - 0x00007ffff27be000 	C:\Windows\System32\ADVAPI32.dll
0x00007ffff1f20000 - 0x00007ffff1fbc000 	C:\Windows\System32\sechost.dll
0x00007ffff1d40000 - 0x00007ffff1e65000 	C:\Windows\System32\RPCRT4.dll
0x00007ffff2a10000 - 0x00007ffff2a18000 	C:\Windows\System32\PSAPI.DLL
0x00007fffeeb80000 - 0x00007fffeeba7000 	C:\Windows\SYSTEM32\WINMM.dll
0x00007fffe72b0000 - 0x00007fffe72ba000 	C:\Windows\SYSTEM32\VERSION.dll
0x00007fffb3a90000 - 0x00007fffb3a99000 	C:\Windows\SYSTEM32\WSOCK32.dll
0x00007ffff2db0000 - 0x00007ffff2e1b000 	C:\Windows\System32\WS2_32.dll
0x00007fffeee80000 - 0x00007fffeee92000 	C:\Windows\SYSTEM32\kernel.appcore.dll
0x00007fffb19c0000 - 0x00007fffb19d0000 	C:\Program Files\Android\Android Studio\jre\bin\verify.dll
0x00007fffee990000 - 0x00007fffeeb74000 	C:\Windows\SYSTEM32\DBGHELP.DLL
0x00007fffeebb0000 - 0x00007fffeebe5000 	C:\Windows\SYSTEM32\dbgcore.DLL
0x00007ffff0ea0000 - 0x00007ffff0f22000 	C:\Windows\System32\bcryptPrimitives.dll
0x00007fffb1990000 - 0x00007fffb19b8000 	C:\Program Files\Android\Android Studio\jre\bin\java.dll
0x00007fffb1980000 - 0x00007fffb198a000 	C:\Program Files\Android\Android Studio\jre\bin\jimage.dll
0x00007fffb13e0000 - 0x00007fffb13f8000 	C:\Program Files\Android\Android Studio\jre\bin\zip.dll
0x00007ffff14b0000 - 0x00007ffff1bf4000 	C:\Windows\System32\SHELL32.dll
0x00007fffee120000 - 0x00007fffee8b2000 	C:\Windows\SYSTEM32\windows.storage.dll
0x00007ffff1150000 - 0x00007ffff14a5000 	C:\Windows\System32\combase.dll
0x00007ffff0040000 - 0x00007ffff0070000 	C:\Windows\SYSTEM32\Wldp.dll
0x00007ffff2bd0000 - 0x00007ffff2c7d000 	C:\Windows\System32\SHCORE.dll
0x00007ffff27c0000 - 0x00007ffff2815000 	C:\Windows\System32\shlwapi.dll
0x00007ffff0520000 - 0x00007ffff053f000 	C:\Windows\SYSTEM32\profapi.dll
0x00007fffb1340000 - 0x00007fffb1359000 	C:\Program Files\Android\Android Studio\jre\bin\net.dll
0x00007fffead20000 - 0x00007fffeae2c000 	C:\Windows\SYSTEM32\WINHTTP.dll
0x00007fffefda0000 - 0x00007fffefe0a000 	C:\Windows\system32\mswsock.dll
0x00007fffb1320000 - 0x00007fffb1333000 	C:\Program Files\Android\Android Studio\jre\bin\nio.dll

dbghelp: loaded successfully - version: 4.0.5 - missing functions: none
symbol engine: initialized successfully - sym options: 0x614 - pdb path: .;C:\Program Files\Android\Android Studio\jre\bin;C:\Windows\SYSTEM32;C:\Windows\WinSxS\amd64_microsoft.windows.common-controls_6595b64144ccf1df_6.0.19041.1110_none_60b5254171f9507e;C:\Program Files\Android\Android Studio\jre\bin\server

VM Arguments:
java_command: org.jetbrains.kotlin.cli.jvm.K2JVMCompiler @D:\FPT\Capstone\washouse_staff\build\qr_code_scanner\20230415_9234102121852875144.compiler.options
java_class_path (initial): C:\Users\chilamha\.gradle\caches\modules-2\files-2.1\org.jetbrains.kotlin\kotlin-compiler-embeddable\1.7.10\909803167c98606fcf22b4c848647c68e351d48d\kotlin-compiler-embeddable-1.7.10.jar;C:\Users\chilamha\.gradle\caches\modules-2\files-2.1\org.jetbrains.kotlin\kotlin-reflect\1.7.10\165e600dfea6185cf5efa700756294cc4904dbeb\kotlin-reflect-1.7.10.jar;C:\Users\chilamha\.gradle\caches\modules-2\files-2.1\org.jetbrains.kotlin\kotlin-stdlib\1.7.10\d2abf9e77736acc4450dc4a3f707fa2c10f5099d\kotlin-stdlib-1.7.10.jar;C:\Users\chilamha\.gradle\caches\modules-2\files-2.1\org.jetbrains.kotlin\kotlin-script-runtime\1.7.10\c99c87a6988d8fd8d5142e9ed5c9f34a7cf561ee\kotlin-script-runtime-1.7.10.jar;C:\Users\chilamha\.gradle\caches\modules-2\files-2.1\org.jetbrains.kotlin\kotlin-daemon-embeddable\1.7.10\3a9f7aef7080d3ae63126cbba4f827ed664f32fa\kotlin-daemon-embeddable-1.7.10.jar;C:\Users\chilamha\.gradle\caches\modules-2\files-2.1\org.jetbrains.intellij.deps\trove4j\1.0.20200330\3afb14d5f9ceb459d724e907a21145e8ff394f02\trove4j-1.0.20200330.jar;C:\Users\chilamha\.gradle\caches\modules-2\files-2.1\net.java.dev.jna\jna\5.6.0\330f2244e9030119ab3030fc3fededc86713d9cc\jna-5.6.0.jar;C:\Users\chilamha\.gradle\caches\modules-2\files-2.1\org.jetbrains.kotlin\kotlin-stdlib-common\1.7.10\bac80c520d0a9e3f3673bc2658c6ed02ef45a76a\kotlin-stdlib-common-1.7.10.jar;C:\Users\chilamha\.gradle\caches\modules-2\files-2.1\org.jetbrains\annotations\13.0\919f0dfe192fb4e063e7dacadee7f8bb9a2672a9\annotations-13.0.jar
Launcher Type: SUN_STANDARD

[Global flags]
     intx CICompilerCount                          = 4                                         {product} {ergonomic}
     uint ConcGCThreads                            = 2                                         {product} {ergonomic}
     uint G1ConcRefinementThreads                  = 8                                         {product} {ergonomic}
   size_t G1HeapRegionSize                         = 1048576                                   {product} {ergonomic}
    uintx GCDrainStackTargetSize                   = 64                                        {product} {ergonomic}
   size_t InitialHeapSize                          = 92274688                                  {product} {ergonomic}
   size_t MarkStackSize                            = 4194304                                   {product} {ergonomic}
   size_t MaxHeapSize                              = 1474297856                                {product} {ergonomic}
   size_t MaxNewSize                               = 883949568                                 {product} {ergonomic}
   size_t MinHeapDeltaBytes                        = 1048576                                   {product} {ergonomic}
    uintx NonNMethodCodeHeapSize                   = 5836300                                {pd product} {ergonomic}
    uintx NonProfiledCodeHeapSize                  = 122910970                              {pd product} {ergonomic}
    uintx ProfiledCodeHeapSize                     = 122910970                              {pd product} {ergonomic}
    uintx ReservedCodeCacheSize                    = 251658240                              {pd product} {ergonomic}
     bool SegmentedCodeCache                       = true                                      {product} {ergonomic}
     bool UseCompressedClassPointers               = true                                 {lp64_product} {ergonomic}
     bool UseCompressedOops                        = true                                 {lp64_product} {ergonomic}
     bool UseG1GC                                  = true                                      {product} {ergonomic}
     bool UseLargePagesIndividualAllocation        = false                                  {pd product} {ergonomic}

Logging:
Log output configuration:
 #0: stdout all=warning uptime,level,tags
 #1: stderr all=off uptime,level,tags

Environment Variables:
JAVA_HOME=C:\Program Files\Android\Android Studio\jre
CLASSPATH=D:\FPT\Capstone\washouse_staff\android\\gradle\wrapper\gradle-wrapper.jar
PATH=C:\Python311\Scripts\;C:\Python311\;C:\Windows\system32;C:\Windows;C:\Windows\System32\Wbem;C:\Windows\System32\WindowsPowerShell\v1.0\;C:\Windows\System32\OpenSSH\;C:\Program Files\NVIDIA Corporation\NVIDIA NvDLISR;C:\Program Files\Microsoft SQL Server\Client SDK\ODBC\110\Tools\Binn\;C:\Program Files\dotnet\;C:\Program Files\Microsoft SQL Server\Client SDK\ODBC\170\Tools\Binn\;C:\Program Files (x86)\Microsoft SQL Server\90\Tools\binn\;C:\Program Files\Git\cmd;C:\Program Files\nodejs\;C:\ProgramData\chocolatey\bin;C:\Program Files (x86)\Yarn\bin\;C:\Program Files\Azure Data Studio\bin;C:\Program Files (x86)\Microsoft SQL Server\160\DTS\Binn\;C:\Users\chilamha\AppData\Local\Microsoft\WindowsApps;C:\Users\chilamha\.dotnet\tools;C:\Users\chilamha\AppData\Local\GitHubDesktop\bin;C:\Users\chilamha\AppData\Local\Programs\Microsoft VS Code\bin;C:\src\flutter\bin;C:\Users\chilamha\AppData\Local\Android\sdk\platform-tools;C:\Users\chilamha\AppData\Local\Android\Sdk\platform-tools-2;C:\Users\chilamha\AppData\Local\Android\Sdk\platform-tools;C:\Users\chilamha\AppData\Local\Android\Sdk\tools;C:\Gradle\gradle-8.0.1\bin;C:\Users\chilamha\AppData\Roaming\npm;C:\Users\chilamha\AppData\Local\Yarn\bin;C:\Program Files\Azure Data Studio\bin;C:\src\flutter\bin\mingit\cmd
USERNAME=chilamha
OS=Windows_NT
PROCESSOR_IDENTIFIER=Intel64 Family 6 Model 140 Stepping 1, GenuineIntel



---------------  S Y S T E M  ---------------

OS: Windows 10 , 64 bit Build 19041 (10.0.19041.2364)
OS uptime: 0 days 1:08 hours

CPU:total 8 (initial active 8) (4 cores per cpu, 2 threads per core) family 6 model 140 stepping 1 microcode 0xa4, cmov, cx8, fxsr, mmx, sse, sse2, sse3, ssse3, sse4.1, sse4.2, popcnt, avx, avx2, aes, clmul, erms, 3dnowpref, lzcnt, ht, tsc, tscinvbit, bmi1, bmi2, adx, evex, sha, fma

Memory: 4k page, system-wide physical 5622M (40M free)
TotalPageFile size 23030M (AvailPageFile size 0M)
current process WorkingSet (physical memory assigned to process): 178M, peak: 179M
current process commit charge ("private bytes"): 256M, peak: 257M

vm_info: OpenJDK 64-Bit Server VM (11.0.15+0-b2043.56-9505619) for windows-amd64 JRE (11.0.15+0-b2043.56-9505619), built on Jan 19 2023 02:48:00 by "builduser" with unknown MS VC++:1929

END.
