#
# There is insufficient memory for the Java Runtime Environment to continue.
# Native memory allocation (malloc) failed to allocate 1048576 bytes for AllocateHeap
# Possible reasons:
#   The system is out of physical RAM or swap space
#   The process is running with CompressedOops enabled, and the Java Heap may be blocking the growth of the native heap
# Possible solutions:
#   Reduce memory load on the system
#   Increase physical memory or swap space
#   Check if swap backing store is full
#   Decrease Java heap size (-Xmx/-Xms)
#   Decrease number of Java threads
#   Decrease Java thread stack sizes (-Xss)
#   Set larger code cache with -XX:ReservedCodeCacheSize=
#   JVM is running with Unscaled Compressed Oops mode in which the Java heap is
#     placed in the first 4GB address space. The Java Heap base address is the
#     maximum limit for the native heap growth. Please use -XX:HeapBaseMinAddress
#     to set the Java Heap base and to place the Java Heap above 4GB virtual address.
# This output file may be truncated or incomplete.
#
#  Out of Memory Error (src/hotspot/share/memory/allocation.cpp:46), pid=18500, tid=2564
#
# JRE version: OpenJDK Runtime Environment (11.0.15) (build 11.0.15+0-b2043.56-9505619)
# Java VM: OpenJDK 64-Bit Server VM (11.0.15+0-b2043.56-9505619, mixed mode, tiered, compressed oops, g1 gc, windows-amd64)
# No core dump will be written. Minidumps are not enabled by default on client versions of Windows
#

---------------  S U M M A R Y ------------

Command Line: org.jetbrains.kotlin.cli.jvm.K2JVMCompiler @D:\FPT\Capstone\washouse_staff\build\flutter_osm_plugin\20230415_5477782599354117160.compiler.options

Host: 11th Gen Intel(R) Core(TM) i7-1165G7 @ 2.80GHz, 8 cores, 5G,  Windows 10 , 64 bit Build 19041 (10.0.19041.2364)
Time: Sat Apr 15 14:08:34 2023 SE Asia Standard Time elapsed time: 7.815939 seconds (0d 0h 0m 7s)

---------------  T H R E A D  ---------------

Current thread (0x00000111bd7ef800):  VMThread "VM Thread" [stack: 0x00000001be900000,0x00000001bea00000] [id=2564]

Stack: [0x00000001be900000,0x00000001bea00000]
[error occurred during error reporting (printing stack bounds), id 0xc0000005, EXCEPTION_ACCESS_VIOLATION (0xc0000005) at pc=0x00000111a7ef12e7]

Native frames: (J=compiled Java code, j=interpreted, Vv=VM code, C=native code)
V  [jvm.dll+0x64135a]
V  [jvm.dll+0x7d39f9]
V  [jvm.dll+0x7d51b9]
V  [jvm.dll+0x7d5805]
V  [jvm.dll+0x7d57bb]
V  [jvm.dll+0x640655]
V  [jvm.dll+0x640d68]
C  [ntdll.dll+0xa241f]
C  [ntdll.dll+0x514a4]
C  [ntdll.dll+0xa0f4e]
C  0x00000111a7ef12e7

VM_Operation (0x00000001be3fce60): CollectForMetadataAllocation, mode: safepoint, requested by thread 0x00000111a2bf6000


---------------  P R O C E S S  ---------------

Threads class SMR info:
_java_thread_list=0x00000111bfce2ff0, length=10, elements={
0x00000111a2bf6000, 0x00000111bd7f2000, 0x00000111bd815800, 0x00000111bd82f000,
0x00000111bd834000, 0x00000111bd836800, 0x00000111bd83a800, 0x00000111bd841800,
0x00000111bd853800, 0x00000111be30e800
}

Java Threads: ( => current thread )
  0x00000111a2bf6000 JavaThread "main" [_thread_blocked, id=5064, stack(0x00000001be300000,0x00000001be400000)]
  0x00000111bd7f2000 JavaThread "Reference Handler" daemon [_thread_blocked, id=10228, stack(0x00000001bea00000,0x00000001beb00000)]
  0x00000111bd815800 JavaThread "Finalizer" daemon [_thread_blocked, id=4536, stack(0x00000001beb00000,0x00000001bec00000)]
  0x00000111bd82f000 JavaThread "Signal Dispatcher" daemon [_thread_blocked, id=17848, stack(0x00000001bec00000,0x00000001bed00000)]
  0x00000111bd834000 JavaThread "Attach Listener" daemon [_thread_blocked, id=3560, stack(0x00000001bed00000,0x00000001bee00000)]
  0x00000111bd836800 JavaThread "Service Thread" daemon [_thread_blocked, id=2452, stack(0x00000001bee00000,0x00000001bef00000)]
  0x00000111bd83a800 JavaThread "C2 CompilerThread0" daemon [_thread_blocked, id=10148, stack(0x00000001bef00000,0x00000001bf000000)]
  0x00000111bd841800 JavaThread "C1 CompilerThread0" daemon [_thread_blocked, id=8424, stack(0x00000001bf000000,0x00000001bf100000)]
  0x00000111bd853800 JavaThread "Sweeper thread" daemon [_thread_blocked, id=18316, stack(0x00000001bf100000,0x00000001bf200000)]
  0x00000111be30e800 JavaThread "Common-Cleaner" daemon [_thread_blocked, id=14744, stack(0x00000001bf300000,0x00000001bf400000)]

Other Threads:
=>0x00000111bd7ef800 VMThread "VM Thread" [stack: 0x00000001be900000,0x00000001bea00000] [id=2564]
  0x00000111be300000 WatcherThread [stack: 0x00000001bf200000,0x00000001bf300000] [id=1272]
  0x00000111a2c0e000 GCTaskThread "GC Thread#0" [stack: 0x00000001be400000,0x00000001be500000] [id=9324]
  0x00000111be952000 GCTaskThread "GC Thread#1" [stack: 0x00000001bf500000,0x00000001bf600000] [id=6776]
  0x00000111a2c33800 ConcurrentGCThread "G1 Main Marker" [stack: 0x00000001be500000,0x00000001be600000] [id=1104]
  0x00000111a2c34800 ConcurrentGCThread "G1 Conc#0" [stack: 0x00000001be600000,0x00000001be700000] [id=7820]
  0x00000111bebb3000 ConcurrentGCThread "G1 Conc#1" [stack: 0x00000001bf400000,0x00000001bf500000] [id=19212]
  0x00000111a2ca5800 ConcurrentGCThread "G1 Refine#0" [stack: 0x00000001be700000,0x00000001be800000] [id=19064]
  0x00000111a2ca6800 ConcurrentGCThread "G1 Young RemSet Sampling" [stack: 0x00000001be800000,0x00000001be900000] [id=1784]

Threads with active compile tasks:

VM state:at safepoint (normal execution)

VM Mutex/Monitor currently owned by a thread:  ([mutex/lock_event])
[0x00000111a2bf0d10] Threads_lock - owner thread: 0x00000111bd7ef800
[0x00000111a2bf1a00] Heap_lock - owner thread: 0x00000111a2bf6000

Heap address: 0x00000000a8200000, size: 1406 MB, Compressed Oops mode: 32-bit
Narrow klass base: 0x0000000000000000, Narrow klass shift: 3
Compressed class space size: 1073741824 Address: 0x0000000100000000

Heap:
 garbage-first heap   total 90112K, used 25934K [0x00000000a8200000, 0x0000000100000000)
  region size 1024K, 3 young (3072K), 3 survivors (3072K)
 Metaspace       used 44315K, capacity 44853K, committed 44924K, reserved 1099776K
  class space    used 5260K, capacity 5491K, committed 5504K, reserved 1048576K
Heap Regions: E=young(eden), S=young(survivor), O=old, HS=humongous(starts), HC=humongous(continues), CS=collection set, F=free, A=archive, TAMS=top-at-mark-start (previous, next)
|   0|0x00000000a8200000, 0x00000000a8300000, 0x00000000a8300000|100%|HS|  |TAMS 0x00000000a8300000, 0x00000000a8300000| Complete 
|   1|0x00000000a8300000, 0x00000000a8400000, 0x00000000a8400000|100%|HC|  |TAMS 0x00000000a8400000, 0x00000000a8400000| Complete 
|   2|0x00000000a8400000, 0x00000000a8500000, 0x00000000a8500000|100%|HC|  |TAMS 0x00000000a8500000, 0x00000000a8500000| Complete 
|   3|0x00000000a8500000, 0x00000000a8600000, 0x00000000a8600000|100%| O|  |TAMS 0x00000000a8600000, 0x00000000a8600000| Untracked 
|   4|0x00000000a8600000, 0x00000000a8700000, 0x00000000a8700000|100%| O|  |TAMS 0x00000000a8700000, 0x00000000a8700000| Untracked 
|   5|0x00000000a8700000, 0x00000000a8800000, 0x00000000a8800000|100%|HS|  |TAMS 0x00000000a8800000, 0x00000000a8800000| Complete 
|   6|0x00000000a8800000, 0x00000000a8900000, 0x00000000a8900000|100%|HC|  |TAMS 0x00000000a8900000, 0x00000000a8900000| Complete 
|   7|0x00000000a8900000, 0x00000000a8a00000, 0x00000000a8a00000|100%|HC|  |TAMS 0x00000000a8a00000, 0x00000000a8a00000| Complete 
|   8|0x00000000a8a00000, 0x00000000a8b00000, 0x00000000a8b00000|100%| O|  |TAMS 0x00000000a8a00000, 0x00000000a8b00000| Untracked 
|   9|0x00000000a8b00000, 0x00000000a8c00000, 0x00000000a8c00000|100%| O|  |TAMS 0x00000000a8b00000, 0x00000000a8c00000| Untracked 
|  10|0x00000000a8c00000, 0x00000000a8d00000, 0x00000000a8d00000|100%| O|  |TAMS 0x00000000a8d00000, 0x00000000a8d00000| Untracked 
|  11|0x00000000a8d00000, 0x00000000a8e00000, 0x00000000a8e00000|100%| O|  |TAMS 0x00000000a8e00000, 0x00000000a8e00000| Untracked 
|  12|0x00000000a8e00000, 0x00000000a8f00000, 0x00000000a8f00000|100%| O|  |TAMS 0x00000000a8f00000, 0x00000000a8f00000| Untracked 
|  13|0x00000000a8f00000, 0x00000000a9000000, 0x00000000a9000000|100%| O|  |TAMS 0x00000000a9000000, 0x00000000a9000000| Untracked 
|  14|0x00000000a9000000, 0x00000000a9100000, 0x00000000a9100000|100%| O|  |TAMS 0x00000000a905fe00, 0x00000000a9100000| Untracked 
|  15|0x00000000a9100000, 0x00000000a9200000, 0x00000000a9200000|100%| O|  |TAMS 0x00000000a9100000, 0x00000000a9200000| Untracked 
|  16|0x00000000a9200000, 0x00000000a9300000, 0x00000000a9300000|100%| O|  |TAMS 0x00000000a9200000, 0x00000000a9300000| Untracked 
|  17|0x00000000a9300000, 0x00000000a9400000, 0x00000000a9400000|100%| O|  |TAMS 0x00000000a9300000, 0x00000000a9400000| Untracked 
|  18|0x00000000a9400000, 0x00000000a9500000, 0x00000000a9500000|100%| O|  |TAMS 0x00000000a9400000, 0x00000000a9500000| Untracked 
|  19|0x00000000a9500000, 0x00000000a9600000, 0x00000000a9600000|100%| O|  |TAMS 0x00000000a9500000, 0x00000000a9600000| Untracked 
|  20|0x00000000a9600000, 0x00000000a9700000, 0x00000000a9700000|100%| O|  |TAMS 0x00000000a9600000, 0x00000000a9700000| Untracked 
|  21|0x00000000a9700000, 0x00000000a9800000, 0x00000000a9800000|100%| O|  |TAMS 0x00000000a9700000, 0x00000000a9800000| Untracked 
|  22|0x00000000a9800000, 0x00000000a98d3800, 0x00000000a9900000| 82%| O|  |TAMS 0x00000000a9800000, 0x00000000a98d3800| Untracked 
|  23|0x00000000a9900000, 0x00000000a9900000, 0x00000000a9a00000|  0%| F|  |TAMS 0x00000000a9900000, 0x00000000a9900000| Untracked 
|  24|0x00000000a9a00000, 0x00000000a9a00000, 0x00000000a9b00000|  0%| F|  |TAMS 0x00000000a9a00000, 0x00000000a9a00000| Untracked 
|  25|0x00000000a9b00000, 0x00000000a9b00000, 0x00000000a9c00000|  0%| F|  |TAMS 0x00000000a9b00000, 0x00000000a9b00000| Untracked 
|  26|0x00000000a9c00000, 0x00000000a9c00000, 0x00000000a9d00000|  0%| F|  |TAMS 0x00000000a9c00000, 0x00000000a9c00000| Untracked 
|  27|0x00000000a9d00000, 0x00000000a9d00000, 0x00000000a9e00000|  0%| F|  |TAMS 0x00000000a9d00000, 0x00000000a9d00000| Untracked 
|  28|0x00000000a9e00000, 0x00000000a9e00000, 0x00000000a9f00000|  0%| F|  |TAMS 0x00000000a9e00000, 0x00000000a9e00000| Untracked 
|  29|0x00000000a9f00000, 0x00000000a9f00000, 0x00000000aa000000|  0%| F|  |TAMS 0x00000000a9f00000, 0x00000000a9f00000| Untracked 
|  30|0x00000000aa000000, 0x00000000aa000000, 0x00000000aa100000|  0%| F|  |TAMS 0x00000000aa000000, 0x00000000aa000000| Untracked 
|  31|0x00000000aa100000, 0x00000000aa100000, 0x00000000aa200000|  0%| F|  |TAMS 0x00000000aa100000, 0x00000000aa100000| Untracked 
|  32|0x00000000aa200000, 0x00000000aa200000, 0x00000000aa300000|  0%| F|  |TAMS 0x00000000aa200000, 0x00000000aa200000| Untracked 
|  33|0x00000000aa300000, 0x00000000aa300000, 0x00000000aa400000|  0%| F|  |TAMS 0x00000000aa300000, 0x00000000aa300000| Untracked 
|  34|0x00000000aa400000, 0x00000000aa400000, 0x00000000aa500000|  0%| F|  |TAMS 0x00000000aa400000, 0x00000000aa400000| Untracked 
|  35|0x00000000aa500000, 0x00000000aa500000, 0x00000000aa600000|  0%| F|  |TAMS 0x00000000aa500000, 0x00000000aa500000| Untracked 
|  36|0x00000000aa600000, 0x00000000aa600000, 0x00000000aa700000|  0%| F|  |TAMS 0x00000000aa600000, 0x00000000aa600000| Untracked 
|  37|0x00000000aa700000, 0x00000000aa700000, 0x00000000aa800000|  0%| F|  |TAMS 0x00000000aa700000, 0x00000000aa700000| Untracked 
|  38|0x00000000aa800000, 0x00000000aa800000, 0x00000000aa900000|  0%| F|  |TAMS 0x00000000aa800000, 0x00000000aa800000| Untracked 
|  39|0x00000000aa900000, 0x00000000aa900000, 0x00000000aaa00000|  0%| F|  |TAMS 0x00000000aa900000, 0x00000000aa900000| Untracked 
|  40|0x00000000aaa00000, 0x00000000aaa00000, 0x00000000aab00000|  0%| F|  |TAMS 0x00000000aaa00000, 0x00000000aaa00000| Untracked 
|  41|0x00000000aab00000, 0x00000000aab00000, 0x00000000aac00000|  0%| F|  |TAMS 0x00000000aab00000, 0x00000000aab00000| Untracked 
|  42|0x00000000aac00000, 0x00000000aac00000, 0x00000000aad00000|  0%| F|  |TAMS 0x00000000aac00000, 0x00000000aac00000| Untracked 
|  43|0x00000000aad00000, 0x00000000aad00000, 0x00000000aae00000|  0%| F|  |TAMS 0x00000000aad00000, 0x00000000aad00000| Untracked 
|  44|0x00000000aae00000, 0x00000000aae00000, 0x00000000aaf00000|  0%| F|  |TAMS 0x00000000aae00000, 0x00000000aae00000| Untracked 
|  45|0x00000000aaf00000, 0x00000000aaf00000, 0x00000000ab000000|  0%| F|  |TAMS 0x00000000aaf00000, 0x00000000aaf00000| Untracked 
|  46|0x00000000ab000000, 0x00000000ab000000, 0x00000000ab100000|  0%| F|  |TAMS 0x00000000ab000000, 0x00000000ab000000| Untracked 
|  47|0x00000000ab100000, 0x00000000ab100000, 0x00000000ab200000|  0%| F|  |TAMS 0x00000000ab100000, 0x00000000ab100000| Untracked 
|  48|0x00000000ab200000, 0x00000000ab200000, 0x00000000ab300000|  0%| F|  |TAMS 0x00000000ab200000, 0x00000000ab200000| Untracked 
|  49|0x00000000ab300000, 0x00000000ab300000, 0x00000000ab400000|  0%| F|  |TAMS 0x00000000ab300000, 0x00000000ab300000| Untracked 
|  50|0x00000000ab400000, 0x00000000ab400000, 0x00000000ab500000|  0%| F|  |TAMS 0x00000000ab400000, 0x00000000ab400000| Untracked 
|  51|0x00000000ab500000, 0x00000000ab500000, 0x00000000ab600000|  0%| F|  |TAMS 0x00000000ab500000, 0x00000000ab500000| Untracked 
|  52|0x00000000ab600000, 0x00000000ab600000, 0x00000000ab700000|  0%| F|  |TAMS 0x00000000ab600000, 0x00000000ab600000| Untracked 
|  53|0x00000000ab700000, 0x00000000ab700000, 0x00000000ab800000|  0%| F|  |TAMS 0x00000000ab700000, 0x00000000ab700000| Untracked 
|  54|0x00000000ab800000, 0x00000000ab800000, 0x00000000ab900000|  0%| F|  |TAMS 0x00000000ab800000, 0x00000000ab800000| Untracked 
|  55|0x00000000ab900000, 0x00000000ab900000, 0x00000000aba00000|  0%| F|  |TAMS 0x00000000ab900000, 0x00000000ab900000| Untracked 
|  56|0x00000000aba00000, 0x00000000aba00000, 0x00000000abb00000|  0%| F|  |TAMS 0x00000000aba00000, 0x00000000aba00000| Untracked 
|  57|0x00000000abb00000, 0x00000000abb00000, 0x00000000abc00000|  0%| F|  |TAMS 0x00000000abb00000, 0x00000000abb00000| Untracked 
|  58|0x00000000abc00000, 0x00000000abc00000, 0x00000000abd00000|  0%| F|  |TAMS 0x00000000abc00000, 0x00000000abc00000| Untracked 
|  59|0x00000000abd00000, 0x00000000abd00000, 0x00000000abe00000|  0%| F|  |TAMS 0x00000000abd00000, 0x00000000abd00000| Untracked 
|  60|0x00000000abe00000, 0x00000000abe80000, 0x00000000abf00000| 50%| S|CS|TAMS 0x00000000abe00000, 0x00000000abe00000| Complete 
|  61|0x00000000abf00000, 0x00000000ac000000, 0x00000000ac000000|100%| S|CS|TAMS 0x00000000abf00000, 0x00000000abf00000| Complete 
|  62|0x00000000ac000000, 0x00000000ac100000, 0x00000000ac100000|100%| S|CS|TAMS 0x00000000ac000000, 0x00000000ac000000| Complete 
|  63|0x00000000ac100000, 0x00000000ac100000, 0x00000000ac200000|  0%| F|  |TAMS 0x00000000ac100000, 0x00000000ac100000| Untracked 
|  64|0x00000000ac200000, 0x00000000ac200000, 0x00000000ac300000|  0%| F|  |TAMS 0x00000000ac200000, 0x00000000ac200000| Untracked 
|  65|0x00000000ac300000, 0x00000000ac300000, 0x00000000ac400000|  0%| F|  |TAMS 0x00000000ac300000, 0x00000000ac300000| Untracked 
|  66|0x00000000ac400000, 0x00000000ac400000, 0x00000000ac500000|  0%| F|  |TAMS 0x00000000ac400000, 0x00000000ac400000| Untracked 
|  67|0x00000000ac500000, 0x00000000ac500000, 0x00000000ac600000|  0%| F|  |TAMS 0x00000000ac500000, 0x00000000ac500000| Untracked 
|  68|0x00000000ac600000, 0x00000000ac600000, 0x00000000ac700000|  0%| F|  |TAMS 0x00000000ac600000, 0x00000000ac600000| Untracked 
|  69|0x00000000ac700000, 0x00000000ac700000, 0x00000000ac800000|  0%| F|  |TAMS 0x00000000ac700000, 0x00000000ac700000| Untracked 
|  70|0x00000000ac800000, 0x00000000ac800000, 0x00000000ac900000|  0%| F|  |TAMS 0x00000000ac800000, 0x00000000ac800000| Untracked 
|  71|0x00000000ac900000, 0x00000000ac900000, 0x00000000aca00000|  0%| F|  |TAMS 0x00000000ac900000, 0x00000000ac900000| Untracked 
|  72|0x00000000aca00000, 0x00000000aca00000, 0x00000000acb00000|  0%| F|  |TAMS 0x00000000aca00000, 0x00000000aca00000| Untracked 
|  73|0x00000000acb00000, 0x00000000acb00000, 0x00000000acc00000|  0%| F|  |TAMS 0x00000000acb00000, 0x00000000acb00000| Untracked 
|  74|0x00000000acc00000, 0x00000000acc00000, 0x00000000acd00000|  0%| F|  |TAMS 0x00000000acc00000, 0x00000000acc00000| Untracked 
|  75|0x00000000acd00000, 0x00000000acd00000, 0x00000000ace00000|  0%| F|  |TAMS 0x00000000acd00000, 0x00000000acd00000| Untracked 
|  76|0x00000000ace00000, 0x00000000ace00000, 0x00000000acf00000|  0%| F|  |TAMS 0x00000000ace00000, 0x00000000ace00000| Untracked 
|  77|0x00000000acf00000, 0x00000000acf00000, 0x00000000ad000000|  0%| F|  |TAMS 0x00000000acf00000, 0x00000000acf00000| Untracked 
|  78|0x00000000ad000000, 0x00000000ad000000, 0x00000000ad100000|  0%| F|  |TAMS 0x00000000ad000000, 0x00000000ad000000| Untracked 
|  79|0x00000000ad100000, 0x00000000ad100000, 0x00000000ad200000|  0%| F|  |TAMS 0x00000000ad100000, 0x00000000ad100000| Untracked 
|  80|0x00000000ad200000, 0x00000000ad200000, 0x00000000ad300000|  0%| F|  |TAMS 0x00000000ad200000, 0x00000000ad200000| Untracked 
|  81|0x00000000ad300000, 0x00000000ad300000, 0x00000000ad400000|  0%| F|  |TAMS 0x00000000ad300000, 0x00000000ad300000| Untracked 
|  82|0x00000000ad400000, 0x00000000ad400000, 0x00000000ad500000|  0%| F|  |TAMS 0x00000000ad400000, 0x00000000ad400000| Untracked 
|  83|0x00000000ad500000, 0x00000000ad500000, 0x00000000ad600000|  0%| F|  |TAMS 0x00000000ad500000, 0x00000000ad500000| Untracked 
|  84|0x00000000ad600000, 0x00000000ad600000, 0x00000000ad700000|  0%| F|  |TAMS 0x00000000ad600000, 0x00000000ad600000| Untracked 
|  85|0x00000000ad700000, 0x00000000ad700000, 0x00000000ad800000|  0%| F|  |TAMS 0x00000000ad700000, 0x00000000ad700000| Untracked 
|  86|0x00000000ad800000, 0x00000000ad800000, 0x00000000ad900000|  0%| F|  |TAMS 0x00000000ad800000, 0x00000000ad800000| Untracked 
|  87|0x00000000ad900000, 0x00000000ad900000, 0x00000000ada00000|  0%| F|  |TAMS 0x00000000ad900000, 0x00000000ad900000| Untracked 

Card table byte_map: [0x00000111b7c20000,0x00000111b7ee0000] _byte_map_base: 0x00000111b76df000

Marking Bits (Prev, Next): (CMBitMap*) 0x00000111a2c2cf38, (CMBitMap*) 0x00000111a2c2cf70
 Prev Bits: [0x00000111b81a0000, 0x00000111b9798000)
 Next Bits: [0x00000111b97a0000, 0x00000111bad98000)

Polling page: 0x00000111a2cd0000

Metaspace:

Usage:
  Non-class:     38.44 MB capacity,    38.14 MB (>99%) used,   245.21 KB ( <1%) free+waste,    62.44 KB ( <1%) overhead. 
      Class:      5.36 MB capacity,     5.14 MB ( 96%) used,   202.51 KB (  4%) free+waste,    27.62 KB ( <1%) overhead. 
       Both:     43.80 MB capacity,    43.28 MB ( 99%) used,   447.72 KB ( <1%) free+waste,    90.06 KB ( <1%) overhead. 

Virtual space:
  Non-class space:       50.00 MB reserved,      38.50 MB ( 77%) committed 
      Class space:        1.00 GB reserved,       5.38 MB ( <1%) committed 
             Both:        1.05 GB reserved,      43.87 MB (  4%) committed 

Chunk freelists:
   Non-Class:  58.00 KB
       Class:  13.00 KB
        Both:  71.00 KB

MaxMetaspaceSize: 17179869184.00 GB
CompressedClassSpaceSize: 1.00 GB
Initial GC threshold: 20.80 MB
Current GC threshold: 52.61 MB
CDS: off

CodeHeap 'non-profiled nmethods': size=120000Kb used=1325Kb max_used=1325Kb free=118674Kb
 bounds [0x00000111af9c0000, 0x00000111afc30000, 0x00000111b6ef0000]
CodeHeap 'profiled nmethods': size=120000Kb used=7034Kb max_used=7034Kb free=112965Kb
 bounds [0x00000111a8490000, 0x00000111a8b70000, 0x00000111af9c0000]
CodeHeap 'non-nmethods': size=5760Kb used=1268Kb max_used=1291Kb free=4491Kb
 bounds [0x00000111a7ef0000, 0x00000111a8160000, 0x00000111a8490000]
 total_blobs=3802 nmethods=3257 adapters=457
 compilation: enabled
              stopped_count=0, restarted_count=0
 full_count=0

Compilation events (20 events):
Event: 7.715 Thread 0x00000111bd841800 nmethod 3247 0x00000111a8b62490 code [0x00000111a8b626a0, 0x00000111a8b62c28]
Event: 7.715 Thread 0x00000111bd841800 3248       3       org.jetbrains.kotlin.com.intellij.psi.impl.source.tree.LeafElement::<init> (19 bytes)
Event: 7.715 Thread 0x00000111bd841800 nmethod 3248 0x00000111a8b62e10 code [0x00000111a8b63000, 0x00000111a8b634b8]
Event: 7.715 Thread 0x00000111bd841800 3237       3       org.jetbrains.kotlin.com.intellij.psi.impl.source.CharTableImpl$StringHashToCharSequencesMap::getOrAddSubSequenceWithHashCode (271 bytes)
Event: 7.716 Thread 0x00000111bd841800 nmethod 3237 0x00000111a8b63690 code [0x00000111a8b639c0, 0x00000111a8b64ed8]
Event: 7.729 Thread 0x00000111bd83a800 nmethod 3189 0x00000111afb08790 code [0x00000111afb089c0, 0x00000111afb099b8]
Event: 7.729 Thread 0x00000111bd83a800 3191       4       org.jetbrains.kotlin.it.unimi.dsi.fastutil.HashCommon::mix (12 bytes)
Event: 7.729 Thread 0x00000111bd83a800 nmethod 3191 0x00000111afb0a610 code [0x00000111afb0a7a0, 0x00000111afb0a7f8]
Event: 7.729 Thread 0x00000111bd83a800 3190       4       org.jetbrains.kotlin.parsing.SemanticWhitespaceAwarePsiBuilderImpl::getJoinedTokenType (64 bytes)
Event: 7.730 Thread 0x00000111bd83a800 nmethod 3190 0x00000111afb0a910 code [0x00000111afb0aac0, 0x00000111afb0abf8]
Event: 7.730 Thread 0x00000111bd83a800 3218       4       org.jetbrains.kotlin.com.intellij.util.text.ImmutableText$Leaf8BitNode::length (6 bytes)
Event: 7.730 Thread 0x00000111bd83a800 nmethod 3218 0x00000111afb0ad10 code [0x00000111afb0aea0, 0x00000111afb0af18]
Event: 7.732 Thread 0x00000111bd841800 3253       3       java.lang.invoke.LambdaForm$MH/0x000000010017ac40::invoke (34 bytes)
Event: 7.733 Thread 0x00000111bd841800 nmethod 3253 0x00000111a8b65490 code [0x00000111a8b65660, 0x00000111a8b65b18]
Event: 7.733 Thread 0x00000111bd841800 3254       3       jdk.internal.misc.Unsafe::defineAnonymousClass (46 bytes)
Event: 7.733 Thread 0x00000111bd841800 nmethod 3254 0x00000111a8b65c90 code [0x00000111a8b65e80, 0x00000111a8b66298]
Event: 7.744 Thread 0x00000111bd841800 3256       3       jdk.internal.org.objectweb.asm.MethodWriter::getSize (838 bytes)
Event: 7.746 Thread 0x00000111bd841800 nmethod 3256 0x00000111a8b66410 code [0x00000111a8b668c0, 0x00000111a8b687a8]
Event: 7.746 Thread 0x00000111bd841800 3257       3       jdk.internal.org.objectweb.asm.MethodWriter::put (1602 bytes)
Event: 7.749 Thread 0x00000111bd841800 nmethod 3257 0x00000111a8b69590 code [0x00000111a8b69e80, 0x00000111a8b6d238]

GC Heap History (10 events):
Event: 0.832 GC heap before
{Heap before GC invocations=0 (full 0):
 garbage-first heap   total 90112K, used 27648K [0x00000000a8200000, 0x0000000100000000)
  region size 1024K, 24 young (24576K), 0 survivors (0K)
 Metaspace       used 12154K, capacity 12286K, committed 12416K, reserved 1060864K
  class space    used 1084K, capacity 1113K, committed 1152K, reserved 1048576K
}
Event: 0.841 GC heap after
{Heap after GC invocations=1 (full 0):
 garbage-first heap   total 90112K, used 6305K [0x00000000a8200000, 0x0000000100000000)
  region size 1024K, 3 young (3072K), 3 survivors (3072K)
 Metaspace       used 12154K, capacity 12286K, committed 12416K, reserved 1060864K
  class space    used 1084K, capacity 1113K, committed 1152K, reserved 1048576K
}
Event: 2.243 GC heap before
{Heap before GC invocations=1 (full 0):
 garbage-first heap   total 90112K, used 43169K [0x00000000a8200000, 0x0000000100000000)
  region size 1024K, 40 young (40960K), 3 survivors (3072K)
 Metaspace       used 20856K, capacity 21105K, committed 21248K, reserved 1069056K
  class space    used 2189K, capacity 2275K, committed 2304K, reserved 1048576K
}
Event: 2.260 GC heap after
{Heap after GC invocations=2 (full 0):
 garbage-first heap   total 90112K, used 9763K [0x00000000a8200000, 0x0000000100000000)
  region size 1024K, 7 young (7168K), 7 survivors (7168K)
 Metaspace       used 20856K, capacity 21105K, committed 21248K, reserved 1069056K
  class space    used 2189K, capacity 2275K, committed 2304K, reserved 1048576K
}
Event: 5.963 GC heap before
{Heap before GC invocations=3 (full 0):
 garbage-first heap   total 90112K, used 55843K [0x00000000a8200000, 0x0000000100000000)
  region size 1024K, 47 young (48128K), 7 survivors (7168K)
 Metaspace       used 31403K, capacity 31868K, committed 32124K, reserved 1077248K
  class space    used 3745K, capacity 3963K, committed 3968K, reserved 1048576K
}
Event: 5.975 GC heap after
{Heap after GC invocations=4 (full 0):
 garbage-first heap   total 90112K, used 19772K [0x00000000a8200000, 0x0000000100000000)
  region size 1024K, 5 young (5120K), 5 survivors (5120K)
 Metaspace       used 31403K, capacity 31868K, committed 32124K, reserved 1077248K
  class space    used 3745K, capacity 3963K, committed 3968K, reserved 1048576K
}
Event: 7.039 GC heap before
{Heap before GC invocations=5 (full 0):
 garbage-first heap   total 90112K, used 61756K [0x00000000a8200000, 0x0000000100000000)
  region size 1024K, 46 young (47104K), 5 survivors (5120K)
 Metaspace       used 38804K, capacity 39284K, committed 39548K, reserved 1083392K
  class space    used 4757K, capacity 4937K, committed 4992K, reserved 1048576K
}
Event: 7.061 GC heap after
{Heap after GC invocations=6 (full 0):
 garbage-first heap   total 90112K, used 23166K [0x00000000a8200000, 0x0000000100000000)
  region size 1024K, 6 young (6144K), 6 survivors (6144K)
 Metaspace       used 38804K, capacity 39284K, committed 39548K, reserved 1083392K
  class space    used 4757K, capacity 4937K, committed 4992K, reserved 1048576K
}
Event: 7.783 GC heap before
{Heap before GC invocations=6 (full 0):
 garbage-first heap   total 90112K, used 47742K [0x00000000a8200000, 0x0000000100000000)
  region size 1024K, 31 young (31744K), 6 survivors (6144K)
 Metaspace       used 44315K, capacity 44853K, committed 44924K, reserved 1097728K
  class space    used 5260K, capacity 5491K, committed 5504K, reserved 1048576K
}
Event: 7.807 GC heap after
{Heap after GC invocations=7 (full 0):
 garbage-first heap   total 90112K, used 25934K [0x00000000a8200000, 0x0000000100000000)
  region size 1024K, 3 young (3072K), 3 survivors (3072K)
 Metaspace       used 44315K, capacity 44853K, committed 44924K, reserved 1097728K
  class space    used 5260K, capacity 5491K, committed 5504K, reserved 1048576K
}

Deoptimization events (20 events):
Event: 7.547 Thread 0x00000111a2bf6000 Uncommon trap: trap_request=0xffffff4d fr.pc=0x00000111af9f7d6c relative=0x0000000000000c4c
Event: 7.547 Thread 0x00000111a2bf6000 Uncommon trap: reason=unstable_if action=reinterpret pc=0x00000111af9f7d6c method=java.lang.StringCoding.encodeUTF8(B[BZ)[B @ 2 c2
Event: 7.547 Thread 0x00000111a2bf6000 DEOPT PACKING pc=0x00000111af9f7d6c sp=0x00000001be3f5b80
Event: 7.547 Thread 0x00000111a2bf6000 DEOPT UNPACKING pc=0x00000111a7ef85af sp=0x00000001be3f5970 mode 2
Event: 7.547 Thread 0x00000111a2bf6000 Uncommon trap: trap_request=0xffffff4d fr.pc=0x00000111afad36e0 relative=0x0000000000000280
Event: 7.547 Thread 0x00000111a2bf6000 Uncommon trap: reason=unstable_if action=reinterpret pc=0x00000111afad36e0 method=sun.net.www.ParseUtil.firstEncodeIndex(Ljava/lang/String;)I @ 27 c2
Event: 7.547 Thread 0x00000111a2bf6000 DEOPT PACKING pc=0x00000111afad36e0 sp=0x00000001be3f5cb0
Event: 7.547 Thread 0x00000111a2bf6000 DEOPT UNPACKING pc=0x00000111a7ef85af sp=0x00000001be3f5ad8 mode 2
Event: 7.547 Thread 0x00000111a2bf6000 Uncommon trap: trap_request=0xffffff4d fr.pc=0x00000111afa8e738 relative=0x0000000000000198
Event: 7.547 Thread 0x00000111a2bf6000 Uncommon trap: reason=unstable_if action=reinterpret pc=0x00000111afa8e738 method=java.lang.String.indexOf(II)I @ 4 c2
Event: 7.547 Thread 0x00000111a2bf6000 DEOPT PACKING pc=0x00000111afa8e738 sp=0x00000001be3f5940
Event: 7.547 Thread 0x00000111a2bf6000 DEOPT UNPACKING pc=0x00000111a7ef85af sp=0x00000001be3f58f0 mode 2
Event: 7.547 Thread 0x00000111a2bf6000 Uncommon trap: trap_request=0xffffff4d fr.pc=0x00000111afa963b0 relative=0x0000000000000190
Event: 7.547 Thread 0x00000111a2bf6000 Uncommon trap: reason=unstable_if action=reinterpret pc=0x00000111afa963b0 method=java.lang.String.startsWith(Ljava/lang/String;I)Z @ 46 c2
Event: 7.547 Thread 0x00000111a2bf6000 DEOPT PACKING pc=0x00000111afa963b0 sp=0x00000001be3f5a40
Event: 7.547 Thread 0x00000111a2bf6000 DEOPT UNPACKING pc=0x00000111a7ef85af sp=0x00000001be3f59a8 mode 2
Event: 7.547 Thread 0x00000111a2bf6000 Uncommon trap: trap_request=0xffffff4d fr.pc=0x00000111afaea6a4 relative=0x0000000000000644
Event: 7.547 Thread 0x00000111a2bf6000 Uncommon trap: reason=unstable_if action=reinterpret pc=0x00000111afaea6a4 method=java.lang.String.lastIndexOf(II)I @ 4 c2
Event: 7.547 Thread 0x00000111a2bf6000 DEOPT PACKING pc=0x00000111afaea6a4 sp=0x00000001be3f5ab0
Event: 7.547 Thread 0x00000111a2bf6000 DEOPT UNPACKING pc=0x00000111a7ef85af sp=0x00000001be3f59a0 mode 2

Classes redefined (0 events):
No events

Internal exceptions (20 events):
Event: 1.656 Thread 0x00000111a2bf6000 Exception <a 'java/lang/NoSuchMethodError'{0x00000000ac26e048}: 'int java.lang.invoke.DirectMethodHandle$Holder.invokeSpecial(java.lang.Object, java.lang.Object, java.lang.Object, java.lang.Object)'> (0x00000000ac26e048) thrown at [src/hotspot/share/interpreter/linkResolver.cpp, line 773]
Event: 1.661 Thread 0x00000111a2bf6000 Exception <a 'java/lang/NoSuchMethodError'{0x00000000ac27ce28}: 'int java.lang.invoke.DelegatingMethodHandle$Holder.reinvoke_L(java.lang.Object, java.lang.Object, java.lang.Object, long, int)'> (0x00000000ac27ce28) thrown at [src/hotspot/share/interpreter/linkResolver.cpp, line 773]
Event: 1.789 Thread 0x00000111a2bf6000 Exception <a 'java/lang/NoSuchMethodError'{0x00000000abbe7570}: 'int java.lang.invoke.DirectMethodHandle$Holder.invokeSpecialIFC(java.lang.Object, java.lang.Object, int)'> (0x00000000abbe7570) thrown at [src/hotspot/share/interpreter/linkResolver.cpp, line 773]
Event: 2.227 Thread 0x00000111a2bf6000 Exception <a 'java/lang/NoSuchMethodError'{0x00000000ab3fae28}: 'java.lang.Object java.lang.invoke.DirectMethodHandle$Holder.invokeStaticInit(java.lang.Object, int)'> (0x00000000ab3fae28) thrown at [src/hotspot/share/interpreter/linkResolver.cpp, line 773]
Event: 2.346 Thread 0x00000111a2bf6000 Exception <a 'java/lang/NoSuchMethodError'{0x00000000ad833260}: 'long java.lang.invoke.DirectMethodHandle$Holder.invokeStatic(java.lang.Object)'> (0x00000000ad833260) thrown at [src/hotspot/share/interpreter/linkResolver.cpp, line 773]
Event: 2.346 Thread 0x00000111a2bf6000 Exception <a 'java/lang/NoSuchMethodError'{0x00000000ad8360b8}: 'long java.lang.invoke.DirectMethodHandle$Holder.invokeStaticInit(java.lang.Object)'> (0x00000000ad8360b8) thrown at [src/hotspot/share/interpreter/linkResolver.cpp, line 773]
Event: 2.524 Thread 0x00000111a2bf6000 Exception <a 'java/lang/NoSuchMethodError'{0x00000000ad423910}: 'int java.lang.invoke.DirectMethodHandle$Holder.invokeStaticInit(java.lang.Object, java.lang.Object, java.lang.Object)'> (0x00000000ad423910) thrown at [src/hotspot/share/interpreter/linkResolver.cpp, line 773]
Event: 2.531 Thread 0x00000111a2bf6000 Exception <a 'java/lang/NoSuchMethodError'{0x00000000ad44f1d0}: 'int java.lang.invoke.DirectMethodHandle$Holder.invokeStaticInit(java.lang.Object, java.lang.Object)'> (0x00000000ad44f1d0) thrown at [src/hotspot/share/interpreter/linkResolver.cpp, line 773]
Event: 2.713 Thread 0x00000111a2bf6000 Exception <a 'java/lang/NoSuchMethodError'{0x00000000ad2637d0}: 'void java.lang.invoke.DirectMethodHandle$Holder.invokeSpecial(java.lang.Object, java.lang.Object)'> (0x00000000ad2637d0) thrown at [src/hotspot/share/interpreter/linkResolver.cpp, line 773]
Event: 3.209 Thread 0x00000111a2bf6000 Exception <a 'java/lang/NoSuchMethodError'{0x00000000acaff538}: 'java.lang.Object java.lang.invoke.DirectMethodHandle$Holder.invokeStatic(java.lang.Object, java.lang.Object, java.lang.Object, java.lang.Object, java.lang.Object, java.lang.Object, java.lang.Object, java.lang.Object, java.lang.Object, java.lang.Object, java.lang.Object, java.lang.Object, java.lang.Object, java.lang.Object, java.lang.Object)'> (0x00000000acaff538) thrown at [src/hotspot/share/interpreter/linkResolver.cpp, line 773]
Event: 3.210 Thread 0x00000111a2bf6000 Exception <a 'java/lang/NoSuchMethodError'{0x00000000ac90dd60}: 'java.lang.Object java.lang.invoke.DirectMethodHandle$Holder.invokeStatic(java.lang.Object, java.lang.Object, java.lang.Object, java.lang.Object, java.lang.Object, java.lang.Object, java.lang.Object, java.lang.Object, java.lang.Object, java.lang.Object, java.lang.Object, java.lang.Object, java.lang.Object, java.lang.Object, java.lang.Object, java.lang.Object)'> (0x00000000ac90dd60) thrown at [src/hotspot/share/interpreter/linkResolver.cpp, lin
Event: 3.211 Thread 0x00000111a2bf6000 Exception <a 'java/lang/NoSuchMethodError'{0x00000000ac91bc78}: 'java.lang.Object java.lang.invoke.DirectMethodHandle$Holder.invokeSpecial(java.lang.Object, java.lang.Object, int, int, java.lang.Object, java.lang.Object, java.lang.Object)'> (0x00000000ac91bc78) thrown at [src/hotspot/share/interpreter/linkResolver.cpp, line 773]
Event: 3.211 Thread 0x00000111a2bf6000 Exception <a 'java/lang/NoSuchMethodError'{0x00000000ac91f4b0}: 'java.lang.Object java.lang.invoke.DelegatingMethodHandle$Holder.reinvoke_L(java.lang.Object, int, int, java.lang.Object, java.lang.Object, java.lang.Object)'> (0x00000000ac91f4b0) thrown at [src/hotspot/share/interpreter/linkResolver.cpp, line 773]
Event: 3.211 Thread 0x00000111a2bf6000 Exception <a 'java/lang/NoSuchMethodError'{0x00000000ac923838}: 'java.lang.Object java.lang.invoke.DirectMethodHandle$Holder.invokeStatic(java.lang.Object, java.lang.Object, java.lang.Object, java.lang.Object, int)'> (0x00000000ac923838) thrown at [src/hotspot/share/interpreter/linkResolver.cpp, line 773]
Event: 3.389 Thread 0x00000111a2bf6000 Exception <a 'java/lang/NoSuchMethodError'{0x00000000ac8487c0}: 'void java.lang.invoke.DirectMethodHandle$Holder.invokeStatic(java.lang.Object, java.lang.Object, java.lang.Object, java.lang.Object)'> (0x00000000ac8487c0) thrown at [src/hotspot/share/interpreter/linkResolver.cpp, line 773]
Event: 3.985 Thread 0x00000111a2bf6000 Exception <a 'java/lang/NoSuchMethodError'{0x00000000ac429cb8}: 'void java.lang.invoke.DirectMethodHandle$Holder.invokeStaticInit(java.lang.Object, java.lang.Object)'> (0x00000000ac429cb8) thrown at [src/hotspot/share/interpreter/linkResolver.cpp, line 773]
Event: 4.480 Thread 0x00000111a2bf6000 Exception <a 'java/lang/NoSuchMethodError'{0x00000000abe77538}: 'void java.lang.invoke.DirectMethodHandle$Holder.invokeVirtual(java.lang.Object, java.lang.Object)'> (0x00000000abe77538) thrown at [src/hotspot/share/interpreter/linkResolver.cpp, line 773]
Event: 4.489 Thread 0x00000111a2bf6000 Exception <a 'java/lang/NoSuchMethodError'{0x00000000abd00240}: 'int java.lang.invoke.DirectMethodHandle$Holder.invokeVirtual(java.lang.Object, java.lang.Object)'> (0x00000000abd00240) thrown at [src/hotspot/share/interpreter/linkResolver.cpp, line 773]
Event: 6.438 Thread 0x00000111a2bf6000 Exception <a 'java/lang/NoSuchMethodError'{0x00000000ac01e7c8}: 'java.lang.Object java.lang.invoke.DirectMethodHandle$Holder.invokeVirtual(java.lang.Object, java.lang.Object, java.lang.Object)'> (0x00000000ac01e7c8) thrown at [src/hotspot/share/interpreter/linkResolver.cpp, line 773]
Event: 7.681 Thread 0x00000111a2bf6000 Exception <a 'java/lang/NoSuchMethodError'{0x00000000ac2379c8}: 'java.lang.Object java.lang.invoke.Invokers$Holder.linkToTargetMethod(java.lang.Object, int, java.lang.Object)'> (0x00000000ac2379c8) thrown at [src/hotspot/share/interpreter/linkResolver.cpp, line 773]

Events (20 events):
Event: 7.745 loading class org/jetbrains/kotlin/psi/KtStubbedPsiUtil done
Event: 7.750 loading class org/jetbrains/kotlin/psi/KtDotQualifiedExpression$Companion
Event: 7.750 loading class org/jetbrains/kotlin/psi/KtDotQualifiedExpression$Companion done
Event: 7.753 loading class org/jetbrains/kotlin/psi/KtQualifiedExpression$DefaultImpls
Event: 7.753 loading class org/jetbrains/kotlin/psi/KtQualifiedExpression$DefaultImpls done
Event: 7.754 loading class org/jetbrains/kotlin/psi/psiUtil/PsiUtilsKt
Event: 7.754 loading class org/jetbrains/kotlin/psi/psiUtil/PsiUtilsKt done
Event: 7.762 loading class org/jetbrains/kotlin/psi/psiUtil/PsiUtilsKt$siblings$1
Event: 7.762 loading class org/jetbrains/kotlin/psi/psiUtil/PsiUtilsKt$siblings$1 done
Event: 7.764 loading class org/jetbrains/kotlin/psi/psiUtil/PsiUtilsKt$siblings$1$iterator$1
Event: 7.764 loading class org/jetbrains/kotlin/psi/psiUtil/PsiUtilsKt$siblings$1$iterator$1 done
Event: 7.764 loading class org/jetbrains/kotlin/com/intellij/psi/impl/source/SourceTreeToPsiMap
Event: 7.764 loading class org/jetbrains/kotlin/com/intellij/psi/impl/source/SourceTreeToPsiMap done
Event: 7.765 loading class org/jetbrains/kotlin/psi/KtNameReferenceExpression$Companion
Event: 7.766 loading class org/jetbrains/kotlin/psi/KtNameReferenceExpression$Companion done
Event: 7.768 loading class org/jetbrains/kotlin/psi/KtExpressionImpl$Companion
Event: 7.768 loading class org/jetbrains/kotlin/psi/KtExpressionImpl$Companion done
Event: 7.775 loading class org/jetbrains/kotlin/psi/KtSimpleNameExpressionImpl$Companion
Event: 7.775 loading class org/jetbrains/kotlin/psi/KtSimpleNameExpressionImpl$Companion done
Event: 7.783 Executing VM operation: CollectForMetadataAllocation


Dynamic libraries:
0x00007ff6a6300000 - 0x00007ff6a630a000 	C:\Program Files\Android\Android Studio\jre\bin\java.exe
0x00007ffff2ef0000 - 0x00007ffff30e8000 	C:\Windows\SYSTEM32\ntdll.dll
0x00007ffff2650000 - 0x00007ffff270f000 	C:\Windows\System32\KERNEL32.DLL
0x00007ffff0940000 - 0x00007ffff0c12000 	C:\Windows\System32\KERNELBASE.dll
0x00007ffff0c20000 - 0x00007ffff0d20000 	C:\Windows\System32\ucrtbase.dll
0x00007fffb19e0000 - 0x00007fffb19f7000 	C:\Program Files\Android\Android Studio\jre\bin\jli.dll
0x00007fffb4650000 - 0x00007fffb466b000 	C:\Program Files\Android\Android Studio\jre\bin\VCRUNTIME140.dll
0x00007ffff2820000 - 0x00007ffff29c1000 	C:\Windows\System32\USER32.dll
0x00007ffff0dc0000 - 0x00007ffff0de2000 	C:\Windows\System32\win32u.dll
0x00007ffff2e80000 - 0x00007ffff2eab000 	C:\Windows\System32\GDI32.dll
0x00007ffff06d0000 - 0x00007ffff07df000 	C:\Windows\System32\gdi32full.dll
0x00007ffff0d20000 - 0x00007ffff0dbd000 	C:\Windows\System32\msvcp_win.dll
0x00007fffd7e80000 - 0x00007fffd811a000 	C:\Windows\WinSxS\amd64_microsoft.windows.common-controls_6595b64144ccf1df_6.0.19041.1110_none_60b5254171f9507e\COMCTL32.dll
0x00007ffff1e80000 - 0x00007ffff1f1e000 	C:\Windows\System32\msvcrt.dll
0x00007ffff29d0000 - 0x00007ffff2a02000 	C:\Windows\System32\IMM32.DLL
0x00007fffb3da0000 - 0x00007fffb3dac000 	C:\Program Files\Android\Android Studio\jre\bin\vcruntime140_1.dll
0x00007fffa6d60000 - 0x00007fffa6ded000 	C:\Program Files\Android\Android Studio\jre\bin\msvcp140.dll
0x00007fff5f470000 - 0x00007fff6002c000 	C:\Program Files\Android\Android Studio\jre\bin\server\jvm.dll
0x00007ffff2710000 - 0x00007ffff27be000 	C:\Windows\System32\ADVAPI32.dll
0x00007ffff1f20000 - 0x00007ffff1fbc000 	C:\Windows\System32\sechost.dll
0x00007ffff1d40000 - 0x00007ffff1e65000 	C:\Windows\System32\RPCRT4.dll
0x00007ffff2a10000 - 0x00007ffff2a18000 	C:\Windows\System32\PSAPI.DLL
0x00007fffeeb80000 - 0x00007fffeeba7000 	C:\Windows\SYSTEM32\WINMM.dll
0x00007fffb3a90000 - 0x00007fffb3a99000 	C:\Windows\SYSTEM32\WSOCK32.dll
0x00007fffe72b0000 - 0x00007fffe72ba000 	C:\Windows\SYSTEM32\VERSION.dll
0x00007ffff2db0000 - 0x00007ffff2e1b000 	C:\Windows\System32\WS2_32.dll
0x00007fffeee80000 - 0x00007fffeee92000 	C:\Windows\SYSTEM32\kernel.appcore.dll
0x00007fffb19c0000 - 0x00007fffb19d0000 	C:\Program Files\Android\Android Studio\jre\bin\verify.dll
0x00007fffee990000 - 0x00007fffeeb74000 	C:\Windows\SYSTEM32\DBGHELP.DLL
0x00007fffeebb0000 - 0x00007fffeebe5000 	C:\Windows\SYSTEM32\dbgcore.DLL
0x00007ffff0ea0000 - 0x00007ffff0f22000 	C:\Windows\System32\bcryptPrimitives.dll
0x00007fffb1990000 - 0x00007fffb19b8000 	C:\Program Files\Android\Android Studio\jre\bin\java.dll
0x00007fffb1980000 - 0x00007fffb198a000 	C:\Program Files\Android\Android Studio\jre\bin\jimage.dll
0x00007fffb13e0000 - 0x00007fffb13f8000 	C:\Program Files\Android\Android Studio\jre\bin\zip.dll
0x00007ffff14b0000 - 0x00007ffff1bf4000 	C:\Windows\System32\SHELL32.dll
0x00007fffee120000 - 0x00007fffee8b2000 	C:\Windows\SYSTEM32\windows.storage.dll
0x00007ffff1150000 - 0x00007ffff14a5000 	C:\Windows\System32\combase.dll
0x00007ffff0040000 - 0x00007ffff0070000 	C:\Windows\SYSTEM32\Wldp.dll
0x00007ffff2bd0000 - 0x00007ffff2c7d000 	C:\Windows\System32\SHCORE.dll
0x00007ffff27c0000 - 0x00007ffff2815000 	C:\Windows\System32\shlwapi.dll
0x00007ffff0520000 - 0x00007ffff053f000 	C:\Windows\SYSTEM32\profapi.dll
0x00007fffb1340000 - 0x00007fffb1359000 	C:\Program Files\Android\Android Studio\jre\bin\net.dll
0x00007fffead20000 - 0x00007fffeae2c000 	C:\Windows\SYSTEM32\WINHTTP.dll
0x00007fffefda0000 - 0x00007fffefe0a000 	C:\Windows\system32\mswsock.dll
0x00007fffb1320000 - 0x00007fffb1333000 	C:\Program Files\Android\Android Studio\jre\bin\nio.dll

dbghelp: loaded successfully - version: 4.0.5 - missing functions: none
symbol engine: initialized successfully - sym options: 0x614 - pdb path: .;C:\Program Files\Android\Android Studio\jre\bin;C:\Windows\SYSTEM32;C:\Windows\WinSxS\amd64_microsoft.windows.common-controls_6595b64144ccf1df_6.0.19041.1110_none_60b5254171f9507e;C:\Program Files\Android\Android Studio\jre\bin\server

VM Arguments:
java_command: org.jetbrains.kotlin.cli.jvm.K2JVMCompiler @D:\FPT\Capstone\washouse_staff\build\flutter_osm_plugin\20230415_5477782599354117160.compiler.options
java_class_path (initial): C:\Users\chilamha\.gradle\caches\modules-2\files-2.1\org.jetbrains.kotlin\kotlin-compiler-embeddable\1.7.10\909803167c98606fcf22b4c848647c68e351d48d\kotlin-compiler-embeddable-1.7.10.jar;C:\Users\chilamha\.gradle\caches\modules-2\files-2.1\org.jetbrains.kotlin\kotlin-reflect\1.7.10\165e600dfea6185cf5efa700756294cc4904dbeb\kotlin-reflect-1.7.10.jar;C:\Users\chilamha\.gradle\caches\modules-2\files-2.1\org.jetbrains.kotlin\kotlin-stdlib\1.7.10\d2abf9e77736acc4450dc4a3f707fa2c10f5099d\kotlin-stdlib-1.7.10.jar;C:\Users\chilamha\.gradle\caches\modules-2\files-2.1\org.jetbrains.kotlin\kotlin-script-runtime\1.7.10\c99c87a6988d8fd8d5142e9ed5c9f34a7cf561ee\kotlin-script-runtime-1.7.10.jar;C:\Users\chilamha\.gradle\caches\modules-2\files-2.1\org.jetbrains.kotlin\kotlin-daemon-embeddable\1.7.10\3a9f7aef7080d3ae63126cbba4f827ed664f32fa\kotlin-daemon-embeddable-1.7.10.jar;C:\Users\chilamha\.gradle\caches\modules-2\files-2.1\org.jetbrains.intellij.deps\trove4j\1.0.20200330\3afb14d5f9ceb459d724e907a21145e8ff394f02\trove4j-1.0.20200330.jar;C:\Users\chilamha\.gradle\caches\modules-2\files-2.1\net.java.dev.jna\jna\5.6.0\330f2244e9030119ab3030fc3fededc86713d9cc\jna-5.6.0.jar;C:\Users\chilamha\.gradle\caches\modules-2\files-2.1\org.jetbrains.kotlin\kotlin-stdlib-common\1.7.10\bac80c520d0a9e3f3673bc2658c6ed02ef45a76a\kotlin-stdlib-common-1.7.10.jar;C:\Users\chilamha\.gradle\caches\modules-2\files-2.1\org.jetbrains\annotations\13.0\919f0dfe192fb4e063e7dacadee7f8bb9a2672a9\annotations-13.0.jar
Launcher Type: SUN_STANDARD

[Global flags]
     intx CICompilerCount                          = 4                                         {product} {ergonomic}
     uint ConcGCThreads                            = 2                                         {product} {ergonomic}
     uint G1ConcRefinementThreads                  = 8                                         {product} {ergonomic}
   size_t G1HeapRegionSize                         = 1048576                                   {product} {ergonomic}
    uintx GCDrainStackTargetSize                   = 64                                        {product} {ergonomic}
   size_t InitialHeapSize                          = 92274688                                  {product} {ergonomic}
   size_t MarkStackSize                            = 4194304                                   {product} {ergonomic}
   size_t MaxHeapSize                              = 1474297856                                {product} {ergonomic}
   size_t MaxNewSize                               = 883949568                                 {product} {ergonomic}
   size_t MinHeapDeltaBytes                        = 1048576                                   {product} {ergonomic}
    uintx NonNMethodCodeHeapSize                   = 5836300                                {pd product} {ergonomic}
    uintx NonProfiledCodeHeapSize                  = 122910970                              {pd product} {ergonomic}
    uintx ProfiledCodeHeapSize                     = 122910970                              {pd product} {ergonomic}
    uintx ReservedCodeCacheSize                    = 251658240                              {pd product} {ergonomic}
     bool SegmentedCodeCache                       = true                                      {product} {ergonomic}
     bool UseCompressedClassPointers               = true                                 {lp64_product} {ergonomic}
     bool UseCompressedOops                        = true                                 {lp64_product} {ergonomic}
     bool UseG1GC                                  = true                                      {product} {ergonomic}
     bool UseLargePagesIndividualAllocation        = false                                  {pd product} {ergonomic}

Logging:
Log output configuration:
 #0: stdout all=warning uptime,level,tags
 #1: stderr all=off uptime,level,tags

Environment Variables:
JAVA_HOME=C:\Program Files\Android\Android Studio\jre
CLASSPATH=D:\FPT\Capstone\washouse_staff\android\\gradle\wrapper\gradle-wrapper.jar
PATH=C:\Python311\Scripts\;C:\Python311\;C:\Windows\system32;C:\Windows;C:\Windows\System32\Wbem;C:\Windows\System32\WindowsPowerShell\v1.0\;C:\Windows\System32\OpenSSH\;C:\Program Files\NVIDIA Corporation\NVIDIA NvDLISR;C:\Program Files\Microsoft SQL Server\Client SDK\ODBC\110\Tools\Binn\;C:\Program Files\dotnet\;C:\Program Files\Microsoft SQL Server\Client SDK\ODBC\170\Tools\Binn\;C:\Program Files (x86)\Microsoft SQL Server\90\Tools\binn\;C:\Program Files\Git\cmd;C:\Program Files\nodejs\;C:\ProgramData\chocolatey\bin;C:\Program Files (x86)\Yarn\bin\;C:\Program Files\Azure Data Studio\bin;C:\Program Files (x86)\Microsoft SQL Server\160\DTS\Binn\;C:\Users\chilamha\AppData\Local\Microsoft\WindowsApps;C:\Users\chilamha\.dotnet\tools;C:\Users\chilamha\AppData\Local\GitHubDesktop\bin;C:\Users\chilamha\AppData\Local\Programs\Microsoft VS Code\bin;C:\src\flutter\bin;C:\Users\chilamha\AppData\Local\Android\sdk\platform-tools;C:\Users\chilamha\AppData\Local\Android\Sdk\platform-tools-2;C:\Users\chilamha\AppData\Local\Android\Sdk\platform-tools;C:\Users\chilamha\AppData\Local\Android\Sdk\tools;C:\Gradle\gradle-8.0.1\bin;C:\Users\chilamha\AppData\Roaming\npm;C:\Users\chilamha\AppData\Local\Yarn\bin;C:\Program Files\Azure Data Studio\bin;C:\src\flutter\bin\mingit\cmd
USERNAME=chilamha
OS=Windows_NT
PROCESSOR_IDENTIFIER=Intel64 Family 6 Model 140 Stepping 1, GenuineIntel



---------------  S Y S T E M  ---------------

OS: Windows 10 , 64 bit Build 19041 (10.0.19041.2364)
OS uptime: 0 days 1:08 hours

CPU:total 8 (initial active 8) (4 cores per cpu, 2 threads per core) family 6 model 140 stepping 1 microcode 0xa4, cmov, cx8, fxsr, mmx, sse, sse2, sse3, ssse3, sse4.1, sse4.2, popcnt, avx, avx2, aes, clmul, erms, 3dnowpref, lzcnt, ht, tsc, tscinvbit, bmi1, bmi2, adx, evex, sha, fma

Memory: 4k page, system-wide physical 5622M (40M free)
TotalPageFile size 23030M (AvailPageFile size 0M)
current process WorkingSet (physical memory assigned to process): 174M, peak: 174M
current process commit charge ("private bytes"): 239M, peak: 240M

vm_info: OpenJDK 64-Bit Server VM (11.0.15+0-b2043.56-9505619) for windows-amd64 JRE (11.0.15+0-b2043.56-9505619), built on Jan 19 2023 02:48:00 by "builduser" with unknown MS VC++:1929

END.
